::1 - - [12/Feb/2020:12:05:53 +0000] "GET /api/user/scoreAndSettings?userId=1 HTTP/1.1" 200 170 "-" "PostmanRuntime/7.22.0"
::1 - - [12/Feb/2020:12:10:27 +0000] "POST /api/user/update/score HTTP/1.1" 200 113 "-" "PostmanRuntime/7.22.0"
::1 - - [12/Feb/2020:12:10:42 +0000] "POST /api/user/update/score HTTP/1.1" 200 113 "-" "PostmanRuntime/7.22.0"
::1 - - [12/Feb/2020:12:10:55 +0000] "POST /api/user/update/score HTTP/1.1" 200 113 "-" "PostmanRuntime/7.22.0"
::1 - - [12/Feb/2020:12:11:20 +0000] "POST /api/user/update/score HTTP/1.1" 200 82 "-" "PostmanRuntime/7.22.0"
::1 - - [12/Feb/2020:12:11:45 +0000] "POST /api/user/scoreAndSettings?userId=1 HTTP/1.1" 404 165 "-" "PostmanRuntime/7.22.0"
::1 - - [12/Feb/2020:12:11:50 +0000] "GET /api/user/scoreAndSettings?userId=1 HTTP/1.1" 200 169 "-" "PostmanRuntime/7.22.0"
::1 - - [12/Feb/2020:12:17:32 +0000] "GET /api/user/scoreAndSettings?t=1581509852481&userId=1 HTTP/1.1" 200 106 "http://localhost:6688/compete" "Mozilla/5.0 (Macintosh; Intel Mac OS X 10_14_6) AppleWebKit/537.36 (KHTML, like Gecko) Chrome/80.0.3987.87 Safari/537.36"
::1 - - [12/Feb/2020:12:17:41 +0000] "GET /api/user/scoreAndSettings?t=1581509861765&userId=1 HTTP/1.1" 200 106 "http://localhost:6688/compete" "Mozilla/5.0 (Macintosh; Intel Mac OS X 10_14_6) AppleWebKit/537.36 (KHTML, like Gecko) Chrome/80.0.3987.87 Safari/537.36"
::1 - - [12/Feb/2020:12:18:07 +0000] "GET /api/user/scoreAndSettings?t=1581509887885&userId=1 HTTP/1.1" 200 169 "http://localhost:6688/compete" "Mozilla/5.0 (Macintosh; Intel Mac OS X 10_14_6) AppleWebKit/537.36 (KHTML, like Gecko) Chrome/80.0.3987.87 Safari/537.36"
::1 - - [12/Feb/2020:12:18:29 +0000] "GET /api/user/scoreAndSettings?t=1581509909389&userId=1 HTTP/1.1" 200 169 "http://localhost:6688/compete" "Mozilla/5.0 (Macintosh; Intel Mac OS X 10_14_6) AppleWebKit/537.36 (KHTML, like Gecko) Chrome/80.0.3987.87 Safari/537.36"
::1 - - [12/Feb/2020:12:18:36 +0000] "GET /api/user/scoreAndSettings?t=1581509916235&userId=1 HTTP/1.1" 200 169 "http://localhost:6688/compete" "Mozilla/5.0 (Macintosh; Intel Mac OS X 10_14_6) AppleWebKit/537.36 (KHTML, like Gecko) Chrome/80.0.3987.87 Safari/537.36"
::1 - - [12/Feb/2020:12:18:42 +0000] "GET /api/user/scoreAndSettings?t=1581509922927&userId=1 HTTP/1.1" 200 169 "http://localhost:6688/compete" "Mozilla/5.0 (Macintosh; Intel Mac OS X 10_14_6) AppleWebKit/537.36 (KHTML, like Gecko) Chrome/80.0.3987.87 Safari/537.36"
::1 - - [12/Feb/2020:12:19:35 +0000] "GET /api/user/scoreAndSettings?t=1581509975474&userId=1 HTTP/1.1" 200 169 "http://localhost:6688/compete" "Mozilla/5.0 (Macintosh; Intel Mac OS X 10_14_6) AppleWebKit/537.36 (KHTML, like Gecko) Chrome/80.0.3987.87 Safari/537.36"
::1 - - [12/Feb/2020:12:20:10 +0000] "GET /api/user/scoreAndSettings?t=1581510010664&userId=1 HTTP/1.1" 200 169 "http://localhost:6688/compete" "Mozilla/5.0 (Macintosh; Intel Mac OS X 10_14_6) AppleWebKit/537.36 (KHTML, like Gecko) Chrome/80.0.3987.87 Safari/537.36"
::1 - - [12/Feb/2020:12:20:17 +0000] "GET /api/user/scoreAndSettings?t=1581510017927&userId=1 HTTP/1.1" 200 169 "http://localhost:6688/compete" "Mozilla/5.0 (Macintosh; Intel Mac OS X 10_14_6) AppleWebKit/537.36 (KHTML, like Gecko) Chrome/80.0.3987.87 Safari/537.36"
::1 - - [12/Feb/2020:12:20:30 +0000] "GET /api/user/scoreAndSettings?t=1581510030505&userId=1 HTTP/1.1" 200 169 "http://localhost:6688/compete" "Mozilla/5.0 (Macintosh; Intel Mac OS X 10_14_6) AppleWebKit/537.36 (KHTML, like Gecko) Chrome/80.0.3987.87 Safari/537.36"
::1 - - [12/Feb/2020:12:21:23 +0000] "GET /api/user/scoreAndSettings?t=1581510083664&userId=1 HTTP/1.1" 200 192 "http://localhost:6688/compete" "Mozilla/5.0 (Macintosh; Intel Mac OS X 10_14_6) AppleWebKit/537.36 (KHTML, like Gecko) Chrome/80.0.3987.87 Safari/537.36"
::1 - - [12/Feb/2020:12:21:53 +0000] "GET /api/user/scoreAndSettings?t=1581510113935&userId=1 HTTP/1.1" 200 192 "http://localhost:6688/compete" "Mozilla/5.0 (Macintosh; Intel Mac OS X 10_14_6) AppleWebKit/537.36 (KHTML, like Gecko) Chrome/80.0.3987.87 Safari/537.36"
::1 - - [12/Feb/2020:12:22:08 +0000] "GET /api/user/scoreAndSettings?t=1581510128727&userId=1 HTTP/1.1" 200 192 "http://localhost:6688/compete" "Mozilla/5.0 (Macintosh; Intel Mac OS X 10_14_6) AppleWebKit/537.36 (KHTML, like Gecko) Chrome/80.0.3987.87 Safari/537.36"
::1 - - [12/Feb/2020:12:22:37 +0000] "GET /api/user/scoreAndSettings?t=1581510157105&userId=1 HTTP/1.1" 200 192 "http://localhost:6688/compete" "Mozilla/5.0 (Macintosh; Intel Mac OS X 10_14_6) AppleWebKit/537.36 (KHTML, like Gecko) Chrome/80.0.3987.87 Safari/537.36"
::1 - - [12/Feb/2020:12:22:48 +0000] "GET /api/user/scoreAndSettings?t=1581510168902&userId=1 HTTP/1.1" 200 192 "http://localhost:6688/compete" "Mozilla/5.0 (Macintosh; Intel Mac OS X 10_14_6) AppleWebKit/537.36 (KHTML, like Gecko) Chrome/80.0.3987.87 Safari/537.36"
::1 - - [12/Feb/2020:12:23:00 +0000] "GET /api/user/scoreAndSettings?t=1581510180006&userId=1 HTTP/1.1" 200 192 "http://localhost:6688/compete" "Mozilla/5.0 (Macintosh; Intel Mac OS X 10_14_6) AppleWebKit/537.36 (KHTML, like Gecko) Chrome/80.0.3987.87 Safari/537.36"
::1 - - [12/Feb/2020:12:23:07 +0000] "GET /api/user/scoreAndSettings?t=1581510187727&userId=1 HTTP/1.1" 200 192 "http://localhost:6688/compete" "Mozilla/5.0 (Macintosh; Intel Mac OS X 10_14_6) AppleWebKit/537.36 (KHTML, like Gecko) Chrome/80.0.3987.87 Safari/537.36"
::1 - - [12/Feb/2020:12:23:14 +0000] "GET /api/user/scoreAndSettings?t=1581510194381&userId=1 HTTP/1.1" 200 192 "http://localhost:6688/compete" "Mozilla/5.0 (Macintosh; Intel Mac OS X 10_14_6) AppleWebKit/537.36 (KHTML, like Gecko) Chrome/80.0.3987.87 Safari/537.36"
::1 - - [12/Feb/2020:12:23:22 +0000] "GET /api/user/scoreAndSettings?t=1581510202004&userId=1 HTTP/1.1" 200 192 "http://localhost:6688/compete" "Mozilla/5.0 (Macintosh; Intel Mac OS X 10_14_6) AppleWebKit/537.36 (KHTML, like Gecko) Chrome/80.0.3987.87 Safari/537.36"
::1 - - [12/Feb/2020:12:23:27 +0000] "GET /api/user/scoreAndSettings?t=1581510207425&userId=1 HTTP/1.1" 200 192 "http://localhost:6688/compete" "Mozilla/5.0 (Macintosh; Intel Mac OS X 10_14_6) AppleWebKit/537.36 (KHTML, like Gecko) Chrome/80.0.3987.87 Safari/537.36"
::1 - - [12/Feb/2020:12:23:37 +0000] "GET /api/user/scoreAndSettings?t=1581510217292&userId=1 HTTP/1.1" 200 192 "http://localhost:6688/compete" "Mozilla/5.0 (Macintosh; Intel Mac OS X 10_14_6) AppleWebKit/537.36 (KHTML, like Gecko) Chrome/80.0.3987.87 Safari/537.36"
::1 - - [12/Feb/2020:12:23:44 +0000] "GET /api/user/scoreAndSettings?t=1581510224332&userId=1 HTTP/1.1" 200 192 "http://localhost:6688/compete" "Mozilla/5.0 (Macintosh; Intel Mac OS X 10_14_6) AppleWebKit/537.36 (KHTML, like Gecko) Chrome/80.0.3987.87 Safari/537.36"
::1 - - [12/Feb/2020:12:23:56 +0000] "GET /api/user/scoreAndSettings?t=1581510236346&userId=1 HTTP/1.1" 200 192 "http://localhost:6688/compete" "Mozilla/5.0 (Macintosh; Intel Mac OS X 10_14_6) AppleWebKit/537.36 (KHTML, like Gecko) Chrome/80.0.3987.87 Safari/537.36"
::1 - - [12/Feb/2020:12:24:04 +0000] "GET /api/user/scoreAndSettings?t=1581510244372&userId=1 HTTP/1.1" 200 192 "http://localhost:6688/compete" "Mozilla/5.0 (Macintosh; Intel Mac OS X 10_14_6) AppleWebKit/537.36 (KHTML, like Gecko) Chrome/80.0.3987.87 Safari/537.36"
::1 - - [12/Feb/2020:12:24:21 +0000] "GET /api/user/scoreAndSettings?t=1581510261402&userId=1 HTTP/1.1" 200 192 "http://localhost:6688/compete" "Mozilla/5.0 (Macintosh; Intel Mac OS X 10_14_6) AppleWebKit/537.36 (KHTML, like Gecko) Chrome/80.0.3987.87 Safari/537.36"
::1 - - [12/Feb/2020:12:24:51 +0000] "GET /api/user/scoreAndSettings?t=1581510291268&userId=1 HTTP/1.1" 200 192 "http://localhost:6688/compete" "Mozilla/5.0 (Macintosh; Intel Mac OS X 10_14_6) AppleWebKit/537.36 (KHTML, like Gecko) Chrome/80.0.3987.87 Safari/537.36"
::1 - - [12/Feb/2020:12:25:24 +0000] "GET /api/user/scoreAndSettings?t=1581510324850&userId=1 HTTP/1.1" 200 192 "http://localhost:6688/compete" "Mozilla/5.0 (Macintosh; Intel Mac OS X 10_14_6) AppleWebKit/537.36 (KHTML, like Gecko) Chrome/80.0.3987.87 Safari/537.36"
::1 - - [12/Feb/2020:12:25:38 +0000] "GET /api/user/scoreAndSettings?t=1581510338327&userId=1 HTTP/1.1" 200 192 "http://localhost:6688/compete" "Mozilla/5.0 (Macintosh; Intel Mac OS X 10_14_6) AppleWebKit/537.36 (KHTML, like Gecko) Chrome/80.0.3987.87 Safari/537.36"
::1 - - [12/Feb/2020:12:25:47 +0000] "GET /api/user/scoreAndSettings?t=1581510347454&userId=1 HTTP/1.1" 200 192 "http://localhost:6688/compete" "Mozilla/5.0 (Macintosh; Intel Mac OS X 10_14_6) AppleWebKit/537.36 (KHTML, like Gecko) Chrome/80.0.3987.87 Safari/537.36"
::1 - - [12/Feb/2020:12:25:50 +0000] "GET /api/user/scoreAndSettings?t=1581510350690&userId=1 HTTP/1.1" 200 192 "http://localhost:6688/compete" "Mozilla/5.0 (Macintosh; Intel Mac OS X 10_14_6) AppleWebKit/537.36 (KHTML, like Gecko) Chrome/80.0.3987.87 Safari/537.36"
::1 - - [12/Feb/2020:12:25:55 +0000] "GET /api/user/scoreAndSettings?t=1581510355171&userId=1 HTTP/1.1" 200 192 "http://localhost:6688/compete" "Mozilla/5.0 (Macintosh; Intel Mac OS X 10_14_6) AppleWebKit/537.36 (KHTML, like Gecko) Chrome/80.0.3987.87 Safari/537.36"
::1 - - [12/Feb/2020:12:25:59 +0000] "GET /api/user/scoreAndSettings?t=1581510359566&userId=1 HTTP/1.1" 200 192 "http://localhost:6688/compete" "Mozilla/5.0 (Macintosh; Intel Mac OS X 10_14_6) AppleWebKit/537.36 (KHTML, like Gecko) Chrome/80.0.3987.87 Safari/537.36"
::1 - - [12/Feb/2020:12:26:17 +0000] "GET /api/user/scoreAndSettings?t=1581510377025&userId=1 HTTP/1.1" 200 192 "http://localhost:6688/compete" "Mozilla/5.0 (Macintosh; Intel Mac OS X 10_14_6) AppleWebKit/537.36 (KHTML, like Gecko) Chrome/80.0.3987.87 Safari/537.36"
::1 - - [12/Feb/2020:12:26:30 +0000] "GET /api/user/scoreAndSettings?t=1581510390280&userId=1 HTTP/1.1" 200 192 "http://localhost:6688/compete" "Mozilla/5.0 (Macintosh; Intel Mac OS X 10_14_6) AppleWebKit/537.36 (KHTML, like Gecko) Chrome/80.0.3987.87 Safari/537.36"
::1 - - [12/Feb/2020:12:26:34 +0000] "GET /api/user/scoreAndSettings?t=1581510394637&userId=1 HTTP/1.1" 200 192 "http://localhost:6688/compete" "Mozilla/5.0 (Macintosh; Intel Mac OS X 10_14_6) AppleWebKit/537.36 (KHTML, like Gecko) Chrome/80.0.3987.87 Safari/537.36"
::1 - - [12/Feb/2020:12:26:39 +0000] "GET /api/user/scoreAndSettings?t=1581510399189&userId=1 HTTP/1.1" 200 192 "http://localhost:6688/compete" "Mozilla/5.0 (Macintosh; Intel Mac OS X 10_14_6) AppleWebKit/537.36 (KHTML, like Gecko) Chrome/80.0.3987.87 Safari/537.36"
::1 - - [12/Feb/2020:12:26:45 +0000] "GET /api/user/scoreAndSettings?t=1581510405967&userId=1 HTTP/1.1" 200 192 "http://localhost:6688/compete" "Mozilla/5.0 (Macintosh; Intel Mac OS X 10_14_6) AppleWebKit/537.36 (KHTML, like Gecko) Chrome/80.0.3987.87 Safari/537.36"
::1 - - [12/Feb/2020:12:26:54 +0000] "GET /api/user/scoreAndSettings?t=1581510414770&userId=1 HTTP/1.1" 200 192 "http://localhost:6688/compete" "Mozilla/5.0 (Macintosh; Intel Mac OS X 10_14_6) AppleWebKit/537.36 (KHTML, like Gecko) Chrome/80.0.3987.87 Safari/537.36"
::1 - - [12/Feb/2020:12:27:06 +0000] "GET /api/user/scoreAndSettings?t=1581510426284&userId=1 HTTP/1.1" 200 192 "http://localhost:6688/compete" "Mozilla/5.0 (Macintosh; Intel Mac OS X 10_14_6) AppleWebKit/537.36 (KHTML, like Gecko) Chrome/80.0.3987.87 Safari/537.36"
::1 - - [12/Feb/2020:12:27:10 +0000] "GET /api/user/scoreAndSettings?t=1581510430468&userId=1 HTTP/1.1" 200 192 "http://localhost:6688/compete" "Mozilla/5.0 (Macintosh; Intel Mac OS X 10_14_6) AppleWebKit/537.36 (KHTML, like Gecko) Chrome/80.0.3987.87 Safari/537.36"
::1 - - [12/Feb/2020:12:27:24 +0000] "GET /api/user/scoreAndSettings?t=1581510444490&userId=1 HTTP/1.1" 200 192 "http://localhost:6688/compete" "Mozilla/5.0 (Macintosh; Intel Mac OS X 10_14_6) AppleWebKit/537.36 (KHTML, like Gecko) Chrome/80.0.3987.87 Safari/537.36"
::1 - - [12/Feb/2020:12:27:28 +0000] "GET /api/user/scoreAndSettings?t=1581510448639&userId=1 HTTP/1.1" 200 192 "http://localhost:6688/compete" "Mozilla/5.0 (Macintosh; Intel Mac OS X 10_14_6) AppleWebKit/537.36 (KHTML, like Gecko) Chrome/80.0.3987.87 Safari/537.36"
::1 - - [12/Feb/2020:12:27:31 +0000] "GET /api/user/scoreAndSettings?t=1581510451067&userId=1 HTTP/1.1" 200 192 "http://localhost:6688/compete" "Mozilla/5.0 (Macintosh; Intel Mac OS X 10_14_6) AppleWebKit/537.36 (KHTML, like Gecko) Chrome/80.0.3987.87 Safari/537.36"
::1 - - [12/Feb/2020:12:27:32 +0000] "GET /api/user/scoreAndSettings?t=1581510452703&userId=1 HTTP/1.1" 200 192 "http://localhost:6688/compete" "Mozilla/5.0 (Macintosh; Intel Mac OS X 10_14_6) AppleWebKit/537.36 (KHTML, like Gecko) Chrome/80.0.3987.87 Safari/537.36"
::1 - - [12/Feb/2020:12:27:34 +0000] "GET /api/user/scoreAndSettings?t=1581510454725&userId=1 HTTP/1.1" 200 192 "http://localhost:6688/compete" "Mozilla/5.0 (Macintosh; Intel Mac OS X 10_14_6) AppleWebKit/537.36 (KHTML, like Gecko) Chrome/80.0.3987.87 Safari/537.36"
::1 - - [12/Feb/2020:12:27:35 +0000] "GET /api/user/scoreAndSettings?t=1581510455945&userId=1 HTTP/1.1" 200 192 "http://localhost:6688/compete" "Mozilla/5.0 (Macintosh; Intel Mac OS X 10_14_6) AppleWebKit/537.36 (KHTML, like Gecko) Chrome/80.0.3987.87 Safari/537.36"
::1 - - [12/Feb/2020:12:27:37 +0000] "GET /api/user/scoreAndSettings?t=1581510457032&userId=1 HTTP/1.1" 200 192 "http://localhost:6688/compete" "Mozilla/5.0 (Macintosh; Intel Mac OS X 10_14_6) AppleWebKit/537.36 (KHTML, like Gecko) Chrome/80.0.3987.87 Safari/537.36"
::1 - - [12/Feb/2020:12:27:38 +0000] "GET /api/user/scoreAndSettings?t=1581510458044&userId=1 HTTP/1.1" 200 192 "http://localhost:6688/compete" "Mozilla/5.0 (Macintosh; Intel Mac OS X 10_14_6) AppleWebKit/537.36 (KHTML, like Gecko) Chrome/80.0.3987.87 Safari/537.36"
::1 - - [12/Feb/2020:12:27:38 +0000] "GET /api/user/scoreAndSettings?t=1581510458945&userId=1 HTTP/1.1" 200 192 "http://localhost:6688/compete" "Mozilla/5.0 (Macintosh; Intel Mac OS X 10_14_6) AppleWebKit/537.36 (KHTML, like Gecko) Chrome/80.0.3987.87 Safari/537.36"
::1 - - [12/Feb/2020:12:27:39 +0000] "GET /api/user/scoreAndSettings?t=1581510459870&userId=1 HTTP/1.1" 200 192 "http://localhost:6688/compete" "Mozilla/5.0 (Macintosh; Intel Mac OS X 10_14_6) AppleWebKit/537.36 (KHTML, like Gecko) Chrome/80.0.3987.87 Safari/537.36"
::1 - - [12/Feb/2020:12:28:03 +0000] "GET /api/user/scoreAndSettings?t=1581510483962&userId=1 HTTP/1.1" 200 192 "http://localhost:6688/compete" "Mozilla/5.0 (Macintosh; Intel Mac OS X 10_14_6) AppleWebKit/537.36 (KHTML, like Gecko) Chrome/80.0.3987.87 Safari/537.36"
::1 - - [12/Feb/2020:12:28:20 +0000] "GET /api/user/scoreAndSettings?t=1581510500211&userId=1 HTTP/1.1" 200 192 "http://localhost:6688/compete" "Mozilla/5.0 (Macintosh; Intel Mac OS X 10_14_6) AppleWebKit/537.36 (KHTML, like Gecko) Chrome/80.0.3987.87 Safari/537.36"
::1 - - [12/Feb/2020:12:28:27 +0000] "GET /api/user/scoreAndSettings?t=1581510507200&userId=1 HTTP/1.1" 200 192 "http://localhost:6688/compete" "Mozilla/5.0 (Macintosh; Intel Mac OS X 10_14_6) AppleWebKit/537.36 (KHTML, like Gecko) Chrome/80.0.3987.87 Safari/537.36"
::1 - - [12/Feb/2020:12:28:30 +0000] "GET /api/user/scoreAndSettings?t=1581510510636&userId=1 HTTP/1.1" 200 192 "http://localhost:6688/compete" "Mozilla/5.0 (Macintosh; Intel Mac OS X 10_14_6) AppleWebKit/537.36 (KHTML, like Gecko) Chrome/80.0.3987.87 Safari/537.36"
::1 - - [12/Feb/2020:12:28:33 +0000] "GET /api/user/scoreAndSettings?t=1581510513554&userId=1 HTTP/1.1" 200 192 "http://localhost:6688/compete" "Mozilla/5.0 (Macintosh; Intel Mac OS X 10_14_6) AppleWebKit/537.36 (KHTML, like Gecko) Chrome/80.0.3987.87 Safari/537.36"
::1 - - [12/Feb/2020:12:28:49 +0000] "GET /api/user/scoreAndSettings?t=1581510529020&userId=1 HTTP/1.1" 200 192 "http://localhost:6688/compete" "Mozilla/5.0 (Macintosh; Intel Mac OS X 10_14_6) AppleWebKit/537.36 (KHTML, like Gecko) Chrome/80.0.3987.87 Safari/537.36"
::1 - - [12/Feb/2020:12:28:57 +0000] "GET /api/user/scoreAndSettings?t=1581510537117&userId=1 HTTP/1.1" 200 192 "http://localhost:6688/compete" "Mozilla/5.0 (Macintosh; Intel Mac OS X 10_14_6) AppleWebKit/537.36 (KHTML, like Gecko) Chrome/80.0.3987.87 Safari/537.36"
::1 - - [12/Feb/2020:12:29:01 +0000] "GET /api/user/scoreAndSettings?t=1581510541276&userId=1 HTTP/1.1" 200 192 "http://localhost:6688/compete" "Mozilla/5.0 (Macintosh; Intel Mac OS X 10_14_6) AppleWebKit/537.36 (KHTML, like Gecko) Chrome/80.0.3987.87 Safari/537.36"
::1 - - [12/Feb/2020:12:29:04 +0000] "GET /api/user/scoreAndSettings?t=1581510544115&userId=1 HTTP/1.1" 200 192 "http://localhost:6688/compete" "Mozilla/5.0 (Macintosh; Intel Mac OS X 10_14_6) AppleWebKit/537.36 (KHTML, like Gecko) Chrome/80.0.3987.87 Safari/537.36"
::1 - - [12/Feb/2020:12:29:12 +0000] "GET /api/user/scoreAndSettings?t=1581510552556&userId=1 HTTP/1.1" 200 192 "http://localhost:6688/compete" "Mozilla/5.0 (Macintosh; Intel Mac OS X 10_14_6) AppleWebKit/537.36 (KHTML, like Gecko) Chrome/80.0.3987.87 Safari/537.36"
::1 - - [12/Feb/2020:12:29:15 +0000] "GET /api/user/scoreAndSettings?t=1581510555909&userId=1 HTTP/1.1" 200 192 "http://localhost:6688/compete" "Mozilla/5.0 (Macintosh; Intel Mac OS X 10_14_6) AppleWebKit/537.36 (KHTML, like Gecko) Chrome/80.0.3987.87 Safari/537.36"
::1 - - [12/Feb/2020:12:30:04 +0000] "GET /api/user/scoreAndSettings?t=1581510604801&userId=1 HTTP/1.1" 200 192 "http://localhost:6688/compete" "Mozilla/5.0 (Macintosh; Intel Mac OS X 10_14_6) AppleWebKit/537.36 (KHTML, like Gecko) Chrome/80.0.3987.87 Safari/537.36"
::1 - - [12/Feb/2020:12:30:26 +0000] "GET /api/user/scoreAndSettings?t=1581510626108&userId=1 HTTP/1.1" 200 192 "http://localhost:6688/compete" "Mozilla/5.0 (Macintosh; Intel Mac OS X 10_14_6) AppleWebKit/537.36 (KHTML, like Gecko) Chrome/80.0.3987.87 Safari/537.36"
::1 - - [12/Feb/2020:12:30:29 +0000] "GET /api/user/scoreAndSettings?t=1581510629426&userId=1 HTTP/1.1" 200 192 "http://localhost:6688/compete" "Mozilla/5.0 (Macintosh; Intel Mac OS X 10_14_6) AppleWebKit/537.36 (KHTML, like Gecko) Chrome/80.0.3987.87 Safari/537.36"
::1 - - [12/Feb/2020:12:30:43 +0000] "GET /api/user/scoreAndSettings?t=1581510643501&userId=1 HTTP/1.1" 200 192 "http://localhost:6688/compete" "Mozilla/5.0 (Macintosh; Intel Mac OS X 10_14_6) AppleWebKit/537.36 (KHTML, like Gecko) Chrome/80.0.3987.87 Safari/537.36"
::1 - - [12/Feb/2020:12:30:54 +0000] "GET /api/user/scoreAndSettings?t=1581510654654&userId=1 HTTP/1.1" 200 192 "http://localhost:6688/compete" "Mozilla/5.0 (Macintosh; Intel Mac OS X 10_14_6) AppleWebKit/537.36 (KHTML, like Gecko) Chrome/80.0.3987.87 Safari/537.36"
::1 - - [12/Feb/2020:12:31:25 +0000] "GET /api/user/scoreAndSettings?t=1581510685781&userId=1 HTTP/1.1" 200 192 "http://localhost:6688/compete" "Mozilla/5.0 (Macintosh; Intel Mac OS X 10_14_6) AppleWebKit/537.36 (KHTML, like Gecko) Chrome/80.0.3987.87 Safari/537.36"
::1 - - [12/Feb/2020:12:31:48 +0000] "GET /api/user/scoreAndSettings?t=1581510708261&userId=1 HTTP/1.1" 200 192 "http://localhost:6688/compete" "Mozilla/5.0 (Macintosh; Intel Mac OS X 10_14_6) AppleWebKit/537.36 (KHTML, like Gecko) Chrome/80.0.3987.87 Safari/537.36"
::1 - - [12/Feb/2020:12:31:53 +0000] "GET /api/user/scoreAndSettings?t=1581510713750&userId=1 HTTP/1.1" 200 192 "http://localhost:6688/compete" "Mozilla/5.0 (Macintosh; Intel Mac OS X 10_14_6) AppleWebKit/537.36 (KHTML, like Gecko) Chrome/80.0.3987.87 Safari/537.36"
::1 - - [12/Feb/2020:12:32:08 +0000] "GET /api/user/scoreAndSettings?t=1581510728500&userId=1 HTTP/1.1" 200 192 "http://localhost:6688/compete" "Mozilla/5.0 (Macintosh; Intel Mac OS X 10_14_6) AppleWebKit/537.36 (KHTML, like Gecko) Chrome/80.0.3987.87 Safari/537.36"
::1 - - [12/Feb/2020:12:32:14 +0000] "GET /api/user/scoreAndSettings?t=1581510734383&userId=1 HTTP/1.1" 200 192 "http://localhost:6688/compete" "Mozilla/5.0 (Macintosh; Intel Mac OS X 10_14_6) AppleWebKit/537.36 (KHTML, like Gecko) Chrome/80.0.3987.87 Safari/537.36"
::1 - - [12/Feb/2020:12:32:21 +0000] "GET /api/user/scoreAndSettings?t=1581510741247&userId=1 HTTP/1.1" 200 192 "http://localhost:6688/compete" "Mozilla/5.0 (Macintosh; Intel Mac OS X 10_14_6) AppleWebKit/537.36 (KHTML, like Gecko) Chrome/80.0.3987.87 Safari/537.36"
::1 - - [12/Feb/2020:12:32:40 +0000] "GET /api/user/scoreAndSettings?t=1581510760527&userId=1 HTTP/1.1" 200 192 "http://localhost:6688/compete" "Mozilla/5.0 (Macintosh; Intel Mac OS X 10_14_6) AppleWebKit/537.36 (KHTML, like Gecko) Chrome/80.0.3987.87 Safari/537.36"
::1 - - [12/Feb/2020:12:32:46 +0000] "GET /api/user/scoreAndSettings?t=1581510766481&userId=1 HTTP/1.1" 200 192 "http://localhost:6688/compete" "Mozilla/5.0 (Macintosh; Intel Mac OS X 10_14_6) AppleWebKit/537.36 (KHTML, like Gecko) Chrome/80.0.3987.87 Safari/537.36"
::1 - - [12/Feb/2020:12:32:52 +0000] "GET /api/user/scoreAndSettings?t=1581510772611&userId=1 HTTP/1.1" 200 192 "http://localhost:6688/compete" "Mozilla/5.0 (Macintosh; Intel Mac OS X 10_14_6) AppleWebKit/537.36 (KHTML, like Gecko) Chrome/80.0.3987.87 Safari/537.36"
::1 - - [12/Feb/2020:12:33:07 +0000] "GET /api/user/scoreAndSettings?t=1581510787369&userId=1 HTTP/1.1" 200 192 "http://localhost:6688/compete" "Mozilla/5.0 (Macintosh; Intel Mac OS X 10_14_6) AppleWebKit/537.36 (KHTML, like Gecko) Chrome/80.0.3987.87 Safari/537.36"
::1 - - [12/Feb/2020:12:33:11 +0000] "GET /api/user/scoreAndSettings?t=1581510791876&userId=1 HTTP/1.1" 200 192 "http://localhost:6688/compete" "Mozilla/5.0 (Macintosh; Intel Mac OS X 10_14_6) AppleWebKit/537.36 (KHTML, like Gecko) Chrome/80.0.3987.87 Safari/537.36"
::1 - - [12/Feb/2020:12:33:15 +0000] "GET /api/user/scoreAndSettings?t=1581510795193&userId=1 HTTP/1.1" 200 192 "http://localhost:6688/compete" "Mozilla/5.0 (Macintosh; Intel Mac OS X 10_14_6) AppleWebKit/537.36 (KHTML, like Gecko) Chrome/80.0.3987.87 Safari/537.36"
::1 - - [12/Feb/2020:12:33:19 +0000] "GET /api/user/scoreAndSettings?t=1581510799350&userId=1 HTTP/1.1" 200 192 "http://localhost:6688/compete" "Mozilla/5.0 (Macintosh; Intel Mac OS X 10_14_6) AppleWebKit/537.36 (KHTML, like Gecko) Chrome/80.0.3987.87 Safari/537.36"
::1 - - [12/Feb/2020:12:33:36 +0000] "GET /api/user/scoreAndSettings?t=1581510816085&userId=1 HTTP/1.1" 200 192 "http://localhost:6688/compete" "Mozilla/5.0 (Macintosh; Intel Mac OS X 10_14_6) AppleWebKit/537.36 (KHTML, like Gecko) Chrome/80.0.3987.87 Safari/537.36"
::1 - - [12/Feb/2020:12:33:41 +0000] "GET /api/user/scoreAndSettings?t=1581510821688&userId=1 HTTP/1.1" 200 192 "http://localhost:6688/compete" "Mozilla/5.0 (Macintosh; Intel Mac OS X 10_14_6) AppleWebKit/537.36 (KHTML, like Gecko) Chrome/80.0.3987.87 Safari/537.36"
::1 - - [12/Feb/2020:12:33:49 +0000] "GET /api/user/scoreAndSettings?t=1581510829681&userId=1 HTTP/1.1" 200 192 "http://localhost:6688/compete" "Mozilla/5.0 (Macintosh; Intel Mac OS X 10_14_6) AppleWebKit/537.36 (KHTML, like Gecko) Chrome/80.0.3987.87 Safari/537.36"
::1 - - [12/Feb/2020:12:33:59 +0000] "GET /api/user/scoreAndSettings?t=1581510839686&userId=1 HTTP/1.1" 200 192 "http://localhost:6688/compete" "Mozilla/5.0 (Macintosh; Intel Mac OS X 10_14_6) AppleWebKit/537.36 (KHTML, like Gecko) Chrome/80.0.3987.87 Safari/537.36"
::1 - - [12/Feb/2020:12:35:04 +0000] "GET /api/user/scoreAndSettings?t=1581510904515&userId=1 HTTP/1.1" 200 192 "http://localhost:6688/compete" "Mozilla/5.0 (Macintosh; Intel Mac OS X 10_14_6) AppleWebKit/537.36 (KHTML, like Gecko) Chrome/80.0.3987.87 Safari/537.36"
::1 - - [12/Feb/2020:12:35:12 +0000] "GET /api/user/scoreAndSettings?t=1581510912176&userId=1 HTTP/1.1" 200 192 "http://localhost:6688/compete" "Mozilla/5.0 (Macintosh; Intel Mac OS X 10_14_6) AppleWebKit/537.36 (KHTML, like Gecko) Chrome/80.0.3987.87 Safari/537.36"
::1 - - [12/Feb/2020:12:35:20 +0000] "GET /api/user/scoreAndSettings?t=1581510920055&userId=1 HTTP/1.1" 200 192 "http://localhost:6688/compete" "Mozilla/5.0 (Macintosh; Intel Mac OS X 10_14_6) AppleWebKit/537.36 (KHTML, like Gecko) Chrome/80.0.3987.87 Safari/537.36"
::1 - - [12/Feb/2020:12:35:29 +0000] "GET /api/user/scoreAndSettings?t=1581510929960&userId=1 HTTP/1.1" 200 192 "http://localhost:6688/compete" "Mozilla/5.0 (Macintosh; Intel Mac OS X 10_14_6) AppleWebKit/537.36 (KHTML, like Gecko) Chrome/80.0.3987.87 Safari/537.36"
::1 - - [12/Feb/2020:12:35:47 +0000] "GET /api/user/scoreAndSettings?t=1581510947206&userId=1 HTTP/1.1" 200 192 "http://localhost:6688/compete" "Mozilla/5.0 (Macintosh; Intel Mac OS X 10_14_6) AppleWebKit/537.36 (KHTML, like Gecko) Chrome/80.0.3987.87 Safari/537.36"
::1 - - [12/Feb/2020:12:35:56 +0000] "GET /api/user/scoreAndSettings?t=1581510956036&userId=1 HTTP/1.1" 200 192 "http://localhost:6688/compete" "Mozilla/5.0 (Macintosh; Intel Mac OS X 10_14_6) AppleWebKit/537.36 (KHTML, like Gecko) Chrome/80.0.3987.87 Safari/537.36"
::1 - - [12/Feb/2020:12:36:17 +0000] "GET /api/user/scoreAndSettings?t=1581510977394&userId=1 HTTP/1.1" 200 192 "http://localhost:6688/compete" "Mozilla/5.0 (Macintosh; Intel Mac OS X 10_14_6) AppleWebKit/537.36 (KHTML, like Gecko) Chrome/80.0.3987.87 Safari/537.36"
::1 - - [12/Feb/2020:12:36:20 +0000] "GET /api/user/scoreAndSettings?t=1581510980728&userId=1 HTTP/1.1" 200 192 "http://localhost:6688/compete" "Mozilla/5.0 (Macintosh; Intel Mac OS X 10_14_6) AppleWebKit/537.36 (KHTML, like Gecko) Chrome/80.0.3987.87 Safari/537.36"
::1 - - [12/Feb/2020:12:36:46 +0000] "GET /api/user/scoreAndSettings?t=1581511006884&userId=1 HTTP/1.1" 200 192 "http://localhost:6688/compete" "Mozilla/5.0 (Macintosh; Intel Mac OS X 10_14_6) AppleWebKit/537.36 (KHTML, like Gecko) Chrome/80.0.3987.87 Safari/537.36"
::1 - - [12/Feb/2020:12:36:50 +0000] "GET /api/user/scoreAndSettings?t=1581511010231&userId=1 HTTP/1.1" 200 192 "http://localhost:6688/compete" "Mozilla/5.0 (Macintosh; Intel Mac OS X 10_14_6) AppleWebKit/537.36 (KHTML, like Gecko) Chrome/80.0.3987.87 Safari/537.36"
::1 - - [12/Feb/2020:12:36:58 +0000] "GET /api/user/scoreAndSettings?t=1581511018952&userId=1 HTTP/1.1" 200 192 "http://localhost:6688/compete" "Mozilla/5.0 (Macintosh; Intel Mac OS X 10_14_6) AppleWebKit/537.36 (KHTML, like Gecko) Chrome/80.0.3987.87 Safari/537.36"
::1 - - [12/Feb/2020:12:37:09 +0000] "GET /api/user/scoreAndSettings?t=1581511029382&userId=1 HTTP/1.1" 200 192 "http://localhost:6688/compete" "Mozilla/5.0 (Macintosh; Intel Mac OS X 10_14_6) AppleWebKit/537.36 (KHTML, like Gecko) Chrome/80.0.3987.87 Safari/537.36"
::1 - - [12/Feb/2020:12:37:29 +0000] "GET /api/user/scoreAndSettings?t=1581511049336&userId=1 HTTP/1.1" 200 192 "http://localhost:6688/compete" "Mozilla/5.0 (Macintosh; Intel Mac OS X 10_14_6) AppleWebKit/537.36 (KHTML, like Gecko) Chrome/80.0.3987.87 Safari/537.36"
::1 - - [12/Feb/2020:12:37:35 +0000] "GET /api/user/scoreAndSettings?t=1581511055014&userId=1 HTTP/1.1" 200 192 "http://localhost:6688/compete" "Mozilla/5.0 (Macintosh; Intel Mac OS X 10_14_6) AppleWebKit/537.36 (KHTML, like Gecko) Chrome/80.0.3987.87 Safari/537.36"
::1 - - [12/Feb/2020:12:37:39 +0000] "GET /api/user/scoreAndSettings?t=1581511059112&userId=1 HTTP/1.1" 200 192 "http://localhost:6688/compete" "Mozilla/5.0 (Macintosh; Intel Mac OS X 10_14_6) AppleWebKit/537.36 (KHTML, like Gecko) Chrome/80.0.3987.87 Safari/537.36"
::1 - - [12/Feb/2020:12:37:55 +0000] "GET /api/user/scoreAndSettings?t=1581511075230&userId=1 HTTP/1.1" 200 192 "http://localhost:6688/compete" "Mozilla/5.0 (Macintosh; Intel Mac OS X 10_14_6) AppleWebKit/537.36 (KHTML, like Gecko) Chrome/80.0.3987.87 Safari/537.36"
::1 - - [12/Feb/2020:12:38:11 +0000] "GET /api/user/scoreAndSettings?t=1581511091512&userId=1 HTTP/1.1" 200 192 "http://localhost:6688/compete" "Mozilla/5.0 (Macintosh; Intel Mac OS X 10_14_6) AppleWebKit/537.36 (KHTML, like Gecko) Chrome/80.0.3987.87 Safari/537.36"
::1 - - [12/Feb/2020:12:38:21 +0000] "GET /api/user/scoreAndSettings?t=1581511101602&userId=1 HTTP/1.1" 200 192 "http://localhost:6688/compete" "Mozilla/5.0 (Macintosh; Intel Mac OS X 10_14_6) AppleWebKit/537.36 (KHTML, like Gecko) Chrome/80.0.3987.87 Safari/537.36"
::1 - - [12/Feb/2020:12:39:34 +0000] "GET /api/user/scoreAndSettings?t=1581511174906&userId=1 HTTP/1.1" 200 192 "http://localhost:6688/compete" "Mozilla/5.0 (Macintosh; Intel Mac OS X 10_14_6) AppleWebKit/537.36 (KHTML, like Gecko) Chrome/80.0.3987.87 Safari/537.36"
::1 - - [12/Feb/2020:12:39:53 +0000] "GET /api/user/scoreAndSettings?t=1581511193287&userId=1 HTTP/1.1" 200 192 "http://localhost:6688/compete" "Mozilla/5.0 (Macintosh; Intel Mac OS X 10_14_6) AppleWebKit/537.36 (KHTML, like Gecko) Chrome/80.0.3987.87 Safari/537.36"
::1 - - [12/Feb/2020:12:40:09 +0000] "GET /api/user/scoreAndSettings?t=1581511209413&userId=1 HTTP/1.1" 200 192 "http://localhost:6688/compete" "Mozilla/5.0 (Macintosh; Intel Mac OS X 10_14_6) AppleWebKit/537.36 (KHTML, like Gecko) Chrome/80.0.3987.87 Safari/537.36"
::1 - - [12/Feb/2020:12:40:14 +0000] "GET /api/user/scoreAndSettings?t=1581511214775&userId=1 HTTP/1.1" 200 192 "http://localhost:6688/compete" "Mozilla/5.0 (Macintosh; Intel Mac OS X 10_14_6) AppleWebKit/537.36 (KHTML, like Gecko) Chrome/80.0.3987.87 Safari/537.36"
::1 - - [12/Feb/2020:12:40:31 +0000] "GET /api/user/scoreAndSettings?t=1581511231976&userId=1 HTTP/1.1" 200 192 "http://localhost:6688/compete" "Mozilla/5.0 (Macintosh; Intel Mac OS X 10_14_6) AppleWebKit/537.36 (KHTML, like Gecko) Chrome/80.0.3987.87 Safari/537.36"
::1 - - [12/Feb/2020:12:40:38 +0000] "GET /api/user/scoreAndSettings?t=1581511238692&userId=1 HTTP/1.1" 200 192 "http://localhost:6688/compete" "Mozilla/5.0 (Macintosh; Intel Mac OS X 10_14_6) AppleWebKit/537.36 (KHTML, like Gecko) Chrome/80.0.3987.87 Safari/537.36"
::1 - - [12/Feb/2020:12:41:03 +0000] "GET /api/user/scoreAndSettings?t=1581511263912&userId=1 HTTP/1.1" 200 192 "http://localhost:6688/compete" "Mozilla/5.0 (Macintosh; Intel Mac OS X 10_14_6) AppleWebKit/537.36 (KHTML, like Gecko) Chrome/80.0.3987.87 Safari/537.36"
::1 - - [12/Feb/2020:12:41:17 +0000] "GET /api/user/scoreAndSettings?t=1581511277693&userId=1 HTTP/1.1" 200 192 "http://localhost:6688/compete" "Mozilla/5.0 (Macintosh; Intel Mac OS X 10_14_6) AppleWebKit/537.36 (KHTML, like Gecko) Chrome/80.0.3987.87 Safari/537.36"
::1 - - [12/Feb/2020:12:41:33 +0000] "GET /api/user/scoreAndSettings?t=1581511293134&userId=1 HTTP/1.1" 200 192 "http://localhost:6688/compete" "Mozilla/5.0 (Macintosh; Intel Mac OS X 10_14_6) AppleWebKit/537.36 (KHTML, like Gecko) Chrome/80.0.3987.87 Safari/537.36"
::1 - - [12/Feb/2020:12:41:43 +0000] "GET /api/user/scoreAndSettings?t=1581511303790&userId=1 HTTP/1.1" 200 192 "http://localhost:6688/compete" "Mozilla/5.0 (Macintosh; Intel Mac OS X 10_14_6) AppleWebKit/537.36 (KHTML, like Gecko) Chrome/80.0.3987.87 Safari/537.36"
::1 - - [12/Feb/2020:12:41:47 +0000] "GET /api/user/scoreAndSettings?t=1581511307216&userId=1 HTTP/1.1" 200 192 "http://localhost:6688/compete" "Mozilla/5.0 (Macintosh; Intel Mac OS X 10_14_6) AppleWebKit/537.36 (KHTML, like Gecko) Chrome/80.0.3987.87 Safari/537.36"
::1 - - [12/Feb/2020:12:41:52 +0000] "GET /api/user/scoreAndSettings?t=1581511312832&userId=1 HTTP/1.1" 200 192 "http://localhost:6688/compete" "Mozilla/5.0 (Macintosh; Intel Mac OS X 10_14_6) AppleWebKit/537.36 (KHTML, like Gecko) Chrome/80.0.3987.87 Safari/537.36"
::1 - - [12/Feb/2020:12:41:58 +0000] "GET /api/user/scoreAndSettings?t=1581511318101&userId=1 HTTP/1.1" 200 192 "http://localhost:6688/compete" "Mozilla/5.0 (Macintosh; Intel Mac OS X 10_14_6) AppleWebKit/537.36 (KHTML, like Gecko) Chrome/80.0.3987.87 Safari/537.36"
::1 - - [12/Feb/2020:12:42:01 +0000] "GET /api/user/scoreAndSettings?t=1581511321450&userId=1 HTTP/1.1" 200 192 "http://localhost:6688/compete" "Mozilla/5.0 (Macintosh; Intel Mac OS X 10_14_6) AppleWebKit/537.36 (KHTML, like Gecko) Chrome/80.0.3987.87 Safari/537.36"
::1 - - [12/Feb/2020:12:42:15 +0000] "GET /api/user/scoreAndSettings?t=1581511334989&userId=1 HTTP/1.1" 200 192 "http://localhost:6688/compete" "Mozilla/5.0 (Macintosh; Intel Mac OS X 10_14_6) AppleWebKit/537.36 (KHTML, like Gecko) Chrome/80.0.3987.87 Safari/537.36"
::1 - - [12/Feb/2020:12:42:22 +0000] "GET /api/user/scoreAndSettings?t=1581511342180&userId=1 HTTP/1.1" 200 192 "http://localhost:6688/compete" "Mozilla/5.0 (Macintosh; Intel Mac OS X 10_14_6) AppleWebKit/537.36 (KHTML, like Gecko) Chrome/80.0.3987.87 Safari/537.36"
::1 - - [12/Feb/2020:12:43:46 +0000] "GET /api/user/scoreAndSettings?t=1581511426026&userId=1 HTTP/1.1" 200 192 "http://localhost:6688/compete" "Mozilla/5.0 (Macintosh; Intel Mac OS X 10_14_6) AppleWebKit/537.36 (KHTML, like Gecko) Chrome/80.0.3987.87 Safari/537.36"
::1 - - [12/Feb/2020:12:43:49 +0000] "GET /api/user/scoreAndSettings?t=1581511428994&userId=1 HTTP/1.1" 200 192 "http://localhost:6688/compete" "Mozilla/5.0 (Macintosh; Intel Mac OS X 10_14_6) AppleWebKit/537.36 (KHTML, like Gecko) Chrome/80.0.3987.87 Safari/537.36"
::1 - - [12/Feb/2020:12:43:51 +0000] "GET /api/user/scoreAndSettings?t=1581511431941&userId=1 HTTP/1.1" 200 192 "http://localhost:6688/compete" "Mozilla/5.0 (Macintosh; Intel Mac OS X 10_14_6) AppleWebKit/537.36 (KHTML, like Gecko) Chrome/80.0.3987.87 Safari/537.36"
::1 - - [12/Feb/2020:12:43:57 +0000] "POST /api/user/update/score?t=1581511437776 HTTP/1.1" 200 82 "http://localhost:6688/compete" "Mozilla/5.0 (Macintosh; Intel Mac OS X 10_14_6) AppleWebKit/537.36 (KHTML, like Gecko) Chrome/80.0.3987.87 Safari/537.36"
::1 - - [12/Feb/2020:12:43:57 +0000] "GET /api/rank?t=1581511437847&type=score&page=1&pageSize=10&userId=1 HTTP/1.1" 200 251 "http://localhost:6688/home" "Mozilla/5.0 (Macintosh; Intel Mac OS X 10_14_6) AppleWebKit/537.36 (KHTML, like Gecko) Chrome/80.0.3987.87 Safari/537.36"
::1 - - [12/Feb/2020:12:44:21 +0000] "GET /api/rank?t=1581511461603&type=score&page=1&pageSize=10&userId=1 HTTP/1.1" 200 251 "http://localhost:6688/home" "Mozilla/5.0 (Macintosh; Intel Mac OS X 10_14_6) AppleWebKit/537.36 (KHTML, like Gecko) Chrome/80.0.3987.87 Safari/537.36"
::1 - - [12/Feb/2020:12:44:28 +0000] "GET /api/rank?t=1581511468464&type=score&page=1&pageSize=10&userId=1 HTTP/1.1" 200 251 "http://localhost:6688/home" "Mozilla/5.0 (Macintosh; Intel Mac OS X 10_14_6) AppleWebKit/537.36 (KHTML, like Gecko) Chrome/80.0.3987.87 Safari/537.36"
::1 - - [12/Feb/2020:12:44:52 +0000] "GET /api/rank?t=1581511492350&type=score&page=1&pageSize=10&userId=1 HTTP/1.1" 200 251 "http://localhost:6688/home" "Mozilla/5.0 (Macintosh; Intel Mac OS X 10_14_6) AppleWebKit/537.36 (KHTML, like Gecko) Chrome/80.0.3987.87 Safari/537.36"
::1 - - [12/Feb/2020:12:44:55 +0000] "GET /api/user/scoreAndSettings?t=1581511495286&userId=1 HTTP/1.1" 200 192 "http://localhost:6688/compete" "Mozilla/5.0 (Macintosh; Intel Mac OS X 10_14_6) AppleWebKit/537.36 (KHTML, like Gecko) Chrome/80.0.3987.87 Safari/537.36"
::1 - - [12/Feb/2020:12:45:06 +0000] "POST /api/user/update/score?t=1581511506015 HTTP/1.1" 200 82 "http://localhost:6688/compete" "Mozilla/5.0 (Macintosh; Intel Mac OS X 10_14_6) AppleWebKit/537.36 (KHTML, like Gecko) Chrome/80.0.3987.87 Safari/537.36"
::1 - - [12/Feb/2020:12:45:06 +0000] "GET /api/rank?t=1581511506053&type=score&page=1&pageSize=10&userId=1 HTTP/1.1" 200 251 "http://localhost:6688/home" "Mozilla/5.0 (Macintosh; Intel Mac OS X 10_14_6) AppleWebKit/537.36 (KHTML, like Gecko) Chrome/80.0.3987.87 Safari/537.36"
::1 - - [12/Feb/2020:12:45:14 +0000] "GET /api/rank?t=1581511514611&type=score&page=1&pageSize=10&userId=1 HTTP/1.1" 200 251 "http://localhost:6688/home" "Mozilla/5.0 (Macintosh; Intel Mac OS X 10_14_6) AppleWebKit/537.36 (KHTML, like Gecko) Chrome/80.0.3987.87 Safari/537.36"
::1 - - [12/Feb/2020:12:45:27 +0000] "GET /api/rank?t=1581511527885&type=score&page=1&pageSize=10&userId=1 HTTP/1.1" 200 251 "http://localhost:6688/home" "Mozilla/5.0 (Macintosh; Intel Mac OS X 10_14_6) AppleWebKit/537.36 (KHTML, like Gecko) Chrome/80.0.3987.87 Safari/537.36"
::1 - - [12/Feb/2020:12:45:48 +0000] "GET /api/rank?t=1581511548467&type=score&page=1&pageSize=10&userId=1 HTTP/1.1" 200 251 "http://localhost:6688/home" "Mozilla/5.0 (Macintosh; Intel Mac OS X 10_14_6) AppleWebKit/537.36 (KHTML, like Gecko) Chrome/80.0.3987.87 Safari/537.36"
::1 - - [12/Feb/2020:12:45:51 +0000] "GET /api/rank?t=1581511551179&type=score&page=1&pageSize=10&userId=1 HTTP/1.1" 200 251 "http://localhost:6688/home" "Mozilla/5.0 (Macintosh; Intel Mac OS X 10_14_6) AppleWebKit/537.36 (KHTML, like Gecko) Chrome/80.0.3987.87 Safari/537.36"
::1 - - [12/Feb/2020:12:45:54 +0000] "GET /api/rank?t=1581511554580&type=score&page=1&pageSize=10&userId=1 HTTP/1.1" 200 251 "http://localhost:6688/home" "Mozilla/5.0 (Macintosh; Intel Mac OS X 10_14_6) AppleWebKit/537.36 (KHTML, like Gecko) Chrome/80.0.3987.87 Safari/537.36"
::1 - - [12/Feb/2020:12:46:25 +0000] "GET /api/rank?t=1581511585297&type=score&page=1&pageSize=10&userId=1 HTTP/1.1" 200 251 "http://localhost:6688/home" "Mozilla/5.0 (Macintosh; Intel Mac OS X 10_14_6) AppleWebKit/537.36 (KHTML, like Gecko) Chrome/80.0.3987.87 Safari/537.36"
::1 - - [12/Feb/2020:12:46:49 +0000] "GET /api/rank?t=1581511609455&type=score&page=1&pageSize=10&userId=1 HTTP/1.1" 200 251 "http://localhost:6688/home" "Mozilla/5.0 (Macintosh; Intel Mac OS X 10_14_6) AppleWebKit/537.36 (KHTML, like Gecko) Chrome/80.0.3987.87 Safari/537.36"
::1 - - [12/Feb/2020:12:46:50 +0000] "GET /api/user/scoreAndSettings?t=1581511610838&userId=1 HTTP/1.1" 200 192 "http://localhost:6688/compete" "Mozilla/5.0 (Macintosh; Intel Mac OS X 10_14_6) AppleWebKit/537.36 (KHTML, like Gecko) Chrome/80.0.3987.87 Safari/537.36"
::1 - - [12/Feb/2020:12:46:55 +0000] "GET /api/user/scoreAndSettings?t=1581511615921&userId=1 HTTP/1.1" 200 192 "http://localhost:6688/compete" "Mozilla/5.0 (Macintosh; Intel Mac OS X 10_14_6) AppleWebKit/537.36 (KHTML, like Gecko) Chrome/80.0.3987.87 Safari/537.36"
::1 - - [12/Feb/2020:12:47:14 +0000] "GET /api/user/scoreAndSettings?t=1581511634477&userId=1 HTTP/1.1" 200 192 "http://localhost:6688/compete" "Mozilla/5.0 (Macintosh; Intel Mac OS X 10_14_6) AppleWebKit/537.36 (KHTML, like Gecko) Chrome/80.0.3987.87 Safari/537.36"
::1 - - [12/Feb/2020:12:47:23 +0000] "POST /api/user/update/score?t=1581511643888 HTTP/1.1" 200 82 "http://localhost:6688/compete" "Mozilla/5.0 (Macintosh; Intel Mac OS X 10_14_6) AppleWebKit/537.36 (KHTML, like Gecko) Chrome/80.0.3987.87 Safari/537.36"
::1 - - [12/Feb/2020:12:47:23 +0000] "GET /api/rank?t=1581511643927&type=score&page=1&pageSize=10&userId=1 HTTP/1.1" 200 251 "http://localhost:6688/home" "Mozilla/5.0 (Macintosh; Intel Mac OS X 10_14_6) AppleWebKit/537.36 (KHTML, like Gecko) Chrome/80.0.3987.87 Safari/537.36"
::1 - - [12/Feb/2020:12:47:24 +0000] "GET /api/user/scoreAndSettings?t=1581511644875&userId=1 HTTP/1.1" 200 192 "http://localhost:6688/compete" "Mozilla/5.0 (Macintosh; Intel Mac OS X 10_14_6) AppleWebKit/537.36 (KHTML, like Gecko) Chrome/80.0.3987.87 Safari/537.36"
::1 - - [12/Feb/2020:12:47:30 +0000] "POST /api/user/update/score?t=1581511650026 HTTP/1.1" 200 82 "http://localhost:6688/compete" "Mozilla/5.0 (Macintosh; Intel Mac OS X 10_14_6) AppleWebKit/537.36 (KHTML, like Gecko) Chrome/80.0.3987.87 Safari/537.36"
::1 - - [12/Feb/2020:12:47:30 +0000] "GET /api/rank?t=1581511650051&type=score&page=1&pageSize=10&userId=1 HTTP/1.1" 200 251 "http://localhost:6688/home" "Mozilla/5.0 (Macintosh; Intel Mac OS X 10_14_6) AppleWebKit/537.36 (KHTML, like Gecko) Chrome/80.0.3987.87 Safari/537.36"
::1 - - [12/Feb/2020:12:47:31 +0000] "GET /api/user/scoreAndSettings?t=1581511651274&userId=1 HTTP/1.1" 200 192 "http://localhost:6688/compete" "Mozilla/5.0 (Macintosh; Intel Mac OS X 10_14_6) AppleWebKit/537.36 (KHTML, like Gecko) Chrome/80.0.3987.87 Safari/537.36"
::1 - - [12/Feb/2020:12:47:53 +0000] "POST /api/user/update/score?t=1581511673218 HTTP/1.1" 200 82 "http://localhost:6688/compete" "Mozilla/5.0 (Macintosh; Intel Mac OS X 10_14_6) AppleWebKit/537.36 (KHTML, like Gecko) Chrome/80.0.3987.87 Safari/537.36"
::1 - - [12/Feb/2020:12:47:53 +0000] "GET /api/rank?t=1581511673242&type=score&page=1&pageSize=10&userId=1 HTTP/1.1" 200 251 "http://localhost:6688/home" "Mozilla/5.0 (Macintosh; Intel Mac OS X 10_14_6) AppleWebKit/537.36 (KHTML, like Gecko) Chrome/80.0.3987.87 Safari/537.36"
::1 - - [12/Feb/2020:12:48:10 +0000] "GET /api/settings/getUser/1?t=1581511690446 HTTP/1.1" 200 530 "http://localhost:6688/home/settings" "Mozilla/5.0 (Macintosh; Intel Mac OS X 10_14_6) AppleWebKit/537.36 (KHTML, like Gecko) Chrome/80.0.3987.87 Safari/537.36"
::1 - - [12/Feb/2020:12:48:12 +0000] "GET /api/room/list?t=1581511692856&page=1&pageSize=10&roomName=&ownerName=&roomId=&miniSpeed=&maxSpeed= HTTP/1.1" 200 2250 "http://localhost:6688/home/room" "Mozilla/5.0 (Macintosh; Intel Mac OS X 10_14_6) AppleWebKit/537.36 (KHTML, like Gecko) Chrome/80.0.3987.87 Safari/537.36"
::1 - - [12/Feb/2020:12:48:14 +0000] "GET /api/rank?t=1581511694722&type=score&page=1&pageSize=10&userId=1 HTTP/1.1" 200 251 "http://localhost:6688/home" "Mozilla/5.0 (Macintosh; Intel Mac OS X 10_14_6) AppleWebKit/537.36 (KHTML, like Gecko) Chrome/80.0.3987.87 Safari/537.36"
::1 - - [12/Feb/2020:12:48:41 +0000] "GET /api/user/detail/1?t=1581511721635 HTTP/1.1" 200 331 "http://localhost:6688/home/personal" "Mozilla/5.0 (Macintosh; Intel Mac OS X 10_14_6) AppleWebKit/537.36 (KHTML, like Gecko) Chrome/80.0.3987.87 Safari/537.36"
::1 - - [12/Feb/2020:12:49:10 +0000] "GET /api/user/detail/1?t=1581511750550 HTTP/1.1" 200 331 "http://localhost:6688/home/personal" "Mozilla/5.0 (Macintosh; Intel Mac OS X 10_14_6) AppleWebKit/537.36 (KHTML, like Gecko) Chrome/80.0.3987.87 Safari/537.36"
::1 - - [12/Feb/2020:12:49:14 +0000] "GET /api/user/detail/1?t=1581511754090 HTTP/1.1" 200 331 "http://localhost:6688/home/personal" "Mozilla/5.0 (Macintosh; Intel Mac OS X 10_14_6) AppleWebKit/537.36 (KHTML, like Gecko) Chrome/80.0.3987.87 Safari/537.36"
::1 - - [12/Feb/2020:12:49:14 +0000] "GET /api/rank?t=1581511754980&type=score&page=1&pageSize=10&userId=1 HTTP/1.1" 200 251 "http://localhost:6688/home" "Mozilla/5.0 (Macintosh; Intel Mac OS X 10_14_6) AppleWebKit/537.36 (KHTML, like Gecko) Chrome/80.0.3987.87 Safari/537.36"
::1 - - [12/Feb/2020:12:49:16 +0000] "GET /api/user/detail/1?t=1581511756065 HTTP/1.1" 200 331 "http://localhost:6688/home/personal" "Mozilla/5.0 (Macintosh; Intel Mac OS X 10_14_6) AppleWebKit/537.36 (KHTML, like Gecko) Chrome/80.0.3987.87 Safari/537.36"
::1 - - [12/Feb/2020:12:49:17 +0000] "GET /api/rank?t=1581511757104&type=score&page=1&pageSize=10&userId=1 HTTP/1.1" 200 251 "http://localhost:6688/home" "Mozilla/5.0 (Macintosh; Intel Mac OS X 10_14_6) AppleWebKit/537.36 (KHTML, like Gecko) Chrome/80.0.3987.87 Safari/537.36"
::1 - - [12/Feb/2020:12:49:17 +0000] "GET /api/user/detail/1?t=1581511757831 HTTP/1.1" 200 331 "http://localhost:6688/home/personal" "Mozilla/5.0 (Macintosh; Intel Mac OS X 10_14_6) AppleWebKit/537.36 (KHTML, like Gecko) Chrome/80.0.3987.87 Safari/537.36"
::1 - - [12/Feb/2020:12:49:23 +0000] "GET /api/rank?t=1581511763882&type=score&page=1&pageSize=10&userId=1 HTTP/1.1" 200 251 "http://localhost:6688/home" "Mozilla/5.0 (Macintosh; Intel Mac OS X 10_14_6) AppleWebKit/537.36 (KHTML, like Gecko) Chrome/80.0.3987.87 Safari/537.36"
::1 - - [12/Feb/2020:12:49:27 +0000] "GET /api/rank?t=1581511767443&type=score&page=1&pageSize=10&userId=1 HTTP/1.1" 200 251 "http://localhost:6688/home" "Mozilla/5.0 (Macintosh; Intel Mac OS X 10_14_6) AppleWebKit/537.36 (KHTML, like Gecko) Chrome/80.0.3987.87 Safari/537.36"
