::1 - - [24/Jan/2020:02:47:36 +0000] "GET /api/room/list?page=1&pageSize=10&roomId=2 HTTP/1.1" 200 333 "-" "PostmanRuntime/7.21.0"
::1 - - [24/Jan/2020:02:47:40 +0000] "GET /api/room/list?page=1&pageSize=10 HTTP/1.1" 200 2071 "-" "PostmanRuntime/7.21.0"
::1 - - [24/Jan/2020:02:54:53 +0000] "GET /api/room/list?page=1&pageSize=10 HTTP/1.1" 200 2269 "-" "PostmanRuntime/7.21.0"
::1 - - [24/Jan/2020:02:55:27 +0000] "GET /api/room/list?page=1&pageSize=10 HTTP/1.1" 200 2269 "-" "PostmanRuntime/7.21.0"
::1 - - [24/Jan/2020:03:38:02 +0000] "GET /api/room/list?page=1&pageSize=10 HTTP/1.1" 200 1529 "-" "PostmanRuntime/7.21.0"
::1 - - [24/Jan/2020:04:18:26 +0000] "GET /api/room/list?page=1&pageSize=10 HTTP/1.1" 200 1529 "-" "PostmanRuntime/7.21.0"
::1 - - [24/Jan/2020:04:18:33 +0000] "GET /api/room/list?page=1&pageSize=4 HTTP/1.1" 200 696 "-" "PostmanRuntime/7.21.0"
::1 - - [24/Jan/2020:04:34:18 +0000] "GET /api/room/list?page=1&pageSize=4 HTTP/1.1" - - "-" "PostmanRuntime/7.21.0"
::1 - - [24/Jan/2020:04:36:28 +0000] "GET /api/room/list?page=1&pageSize=4 HTTP/1.1" 200 704 "-" "PostmanRuntime/7.21.0"
::1 - - [24/Jan/2020:04:36:47 +0000] "GET /api/room/list?page=1&pageSize=4 HTTP/1.1" 200 681 "-" "PostmanRuntime/7.21.0"
::1 - - [24/Jan/2020:04:36:56 +0000] "GET /api/room/list?page=1&pageSize=4 HTTP/1.1" 200 681 "-" "PostmanRuntime/7.21.0"
::1 - - [24/Jan/2020:04:37:27 +0000] "GET /api/room/list?page=1&pageSize=4 HTTP/1.1" 200 681 "-" "PostmanRuntime/7.21.0"
::1 - - [24/Jan/2020:04:37:41 +0000] "GET /api/room/list?page=1&pageSize=4 HTTP/1.1" 200 681 "-" "PostmanRuntime/7.21.0"
::1 - - [24/Jan/2020:04:37:57 +0000] "GET /api/room/list?page=1&pageSize=4 HTTP/1.1" 200 704 "-" "PostmanRuntime/7.21.0"
::1 - - [24/Jan/2020:04:40:30 +0000] "GET /api/room/list?page=1&pageSize=4 HTTP/1.1" 200 692 "-" "PostmanRuntime/7.21.0"
::1 - - [24/Jan/2020:07:54:34 +0000] "DELETE /room/del/1 HTTP/1.1" 404 152 "-" "PostmanRuntime/7.21.0"
::1 - - [24/Jan/2020:07:55:18 +0000] "DELETE /api/room/del/1 HTTP/1.1" 200 82 "-" "PostmanRuntime/7.21.0"
::1 - - [24/Jan/2020:07:58:09 +0000] "DELETE /api/room/del/1 HTTP/1.1" 200 82 "-" "PostmanRuntime/7.21.0"
::1 - - [24/Jan/2020:07:58:30 +0000] "DELETE /api/room/del/1 HTTP/1.1" 200 82 "-" "PostmanRuntime/7.21.0"
::1 - - [24/Jan/2020:07:58:56 +0000] "DELETE /api/room/del HTTP/1.1" 404 154 "-" "PostmanRuntime/7.21.0"
::1 - - [24/Jan/2020:07:59:04 +0000] "DELETE /api/room/del/test HTTP/1.1" 200 118 "-" "PostmanRuntime/7.21.0"
::1 - - [24/Jan/2020:08:46:40 +0000] "POST /api/room/create?roomName=%E6%88%BF%E9%97%B4%E5%90%8D%E7%A7%B0&ownerId=1 HTTP/1.1" 200 80 "-" "PostmanRuntime/7.21.0"
::1 - - [24/Jan/2020:14:38:41 +0000] "POST /api/user/login HTTP/1.1" 200 151 "-" "PostmanRuntime/7.21.0"
::1 - - [24/Jan/2020:14:39:14 +0000] "POST /api/user/login HTTP/1.1" 200 131 "-" "PostmanRuntime/7.21.0"
::1 - - [24/Jan/2020:14:39:18 +0000] "POST /api/user/login HTTP/1.1" 200 66 "-" "PostmanRuntime/7.21.0"
::1 - - [24/Jan/2020:14:39:23 +0000] "POST /api/user/login HTTP/1.1" 200 75 "-" "PostmanRuntime/7.21.0"
::1 - - [24/Jan/2020:14:39:27 +0000] "POST /api/user/login HTTP/1.1" 200 115 "-" "PostmanRuntime/7.21.0"
::1 - - [24/Jan/2020:14:39:32 +0000] "POST /api/user/login HTTP/1.1" 200 75 "-" "PostmanRuntime/7.21.0"
::1 - - [24/Jan/2020:14:39:35 +0000] "POST /api/user/login HTTP/1.1" 200 131 "-" "PostmanRuntime/7.21.0"
