::1 - - [22/Jan/2020:16:08:17 +0000] "POST /api/room/create HTTP/1.1" 500 1820 "-" "PostmanRuntime/7.21.0"
::1 - - [22/Jan/2020:16:08:30 +0000] "POST /api/room/create HTTP/1.1" 200 57 "-" "PostmanRuntime/7.21.0"
::1 - - [22/Jan/2020:16:08:37 +0000] "POST /api/room/create HTTP/1.1" 500 1578 "-" "PostmanRuntime/7.21.0"
::1 - - [22/Jan/2020:16:09:00 +0000] "POST /api/room/create HTTP/1.1" 200 57 "-" "PostmanRuntime/7.21.0"
::1 - - [22/Jan/2020:16:09:03 +0000] "POST /api/room/create HTTP/1.1" 500 1578 "-" "PostmanRuntime/7.21.0"
::1 - - [22/Jan/2020:16:17:10 +0000] "POST /api/room/create HTTP/1.1" 200 57 "-" "PostmanRuntime/7.21.0"
::1 - - [22/Jan/2020:16:17:12 +0000] "POST /api/room/create HTTP/1.1" 200 57 "-" "PostmanRuntime/7.21.0"
::1 - - [22/Jan/2020:16:17:13 +0000] "POST /api/room/create HTTP/1.1" 200 57 "-" "PostmanRuntime/7.21.0"
::1 - - [22/Jan/2020:16:17:14 +0000] "POST /api/room/create HTTP/1.1" 200 57 "-" "PostmanRuntime/7.21.0"
::1 - - [22/Jan/2020:16:17:15 +0000] "POST /api/room/create HTTP/1.1" 200 57 "-" "PostmanRuntime/7.21.0"
::1 - - [22/Jan/2020:16:17:15 +0000] "POST /api/room/create HTTP/1.1" 200 57 "-" "PostmanRuntime/7.21.0"
::1 - - [22/Jan/2020:16:17:43 +0000] "POST /api/room/create HTTP/1.1" 200 57 "-" "PostmanRuntime/7.21.0"
::1 - - [22/Jan/2020:16:17:45 +0000] "POST /api/room/create HTTP/1.1" 500 1578 "-" "PostmanRuntime/7.21.0"
::1 - - [22/Jan/2020:16:18:32 +0000] "POST /api/room/create HTTP/1.1" 200 57 "-" "PostmanRuntime/7.21.0"
::1 - - [22/Jan/2020:16:18:33 +0000] "POST /api/room/create HTTP/1.1" 200 57 "-" "PostmanRuntime/7.21.0"
::1 - - [22/Jan/2020:16:18:34 +0000] "POST /api/room/create HTTP/1.1" 200 57 "-" "PostmanRuntime/7.21.0"
::1 - - [22/Jan/2020:16:18:35 +0000] "POST /api/room/create HTTP/1.1" 200 57 "-" "PostmanRuntime/7.21.0"
::1 - - [22/Jan/2020:16:18:35 +0000] "POST /api/room/create HTTP/1.1" 200 57 "-" "PostmanRuntime/7.21.0"
::1 - - [22/Jan/2020:16:18:36 +0000] "POST /api/room/create HTTP/1.1" 200 57 "-" "PostmanRuntime/7.21.0"
::1 - - [22/Jan/2020:16:18:36 +0000] "POST /api/room/create HTTP/1.1" 200 57 "-" "PostmanRuntime/7.21.0"
::1 - - [22/Jan/2020:16:18:37 +0000] "POST /api/room/create HTTP/1.1" 200 57 "-" "PostmanRuntime/7.21.0"
::1 - - [22/Jan/2020:16:18:38 +0000] "POST /api/room/create HTTP/1.1" 200 57 "-" "PostmanRuntime/7.21.0"
::1 - - [22/Jan/2020:16:18:38 +0000] "POST /api/room/create HTTP/1.1" 200 57 "-" "PostmanRuntime/7.21.0"
::1 - - [23/Jan/2020:13:07:39 +0000] "POST /api/room/create HTTP/1.1" 200 57 "-" "PostmanRuntime/7.21.0"
::1 - - [23/Jan/2020:13:31:31 +0000] "POST /api/room/create HTTP/1.1" 200 78 "-" "PostmanRuntime/7.21.0"
::1 - - [23/Jan/2020:13:44:56 +0000] "POST /api/room/create HTTP/1.1" 200 98 "-" "PostmanRuntime/7.21.0"
::1 - - [23/Jan/2020:13:54:06 +0000] "POST /api/room/create HTTP/1.1" 200 98 "-" "PostmanRuntime/7.21.0"
::1 - - [23/Jan/2020:13:54:44 +0000] "POST /api/room/create HTTP/1.1" 200 98 "-" "PostmanRuntime/7.21.0"
::1 - - [23/Jan/2020:13:56:23 +0000] "POST /api/room/create HTTP/1.1" 200 98 "-" "PostmanRuntime/7.21.0"
::1 - - [23/Jan/2020:13:57:28 +0000] "POST /api/room/create HTTP/1.1" 200 98 "-" "PostmanRuntime/7.21.0"
::1 - - [23/Jan/2020:14:03:41 +0000] "POST /api/room/create HTTP/1.1" 200 79 "-" "PostmanRuntime/7.21.0"
::1 - - [23/Jan/2020:14:13:11 +0000] "POST /api/room/create HTTP/1.1" 200 79 "-" "PostmanRuntime/7.21.0"
::1 - - [23/Jan/2020:14:14:53 +0000] "POST /api/room/create HTTP/1.1" 200 79 "-" "PostmanRuntime/7.21.0"
::1 - - [23/Jan/2020:14:18:02 +0000] "POST /api/room/create HTTP/1.1" 200 79 "-" "PostmanRuntime/7.21.0"
::1 - - [23/Jan/2020:14:18:29 +0000] "POST /api/room/create HTTP/1.1" 200 80 "-" "PostmanRuntime/7.21.0"
::1 - - [23/Jan/2020:15:02:59 +0000] "GET /api/room/list HTTP/1.1" 200 98 "-" "PostmanRuntime/7.21.0"
::1 - - [23/Jan/2020:15:06:17 +0000] "GET /api/room/list?searchInfo.roomName=%E8%BF%99%E6%98%AF%E4%B8%80%E4%B8%AA%E6%88%BF%E9%97%B4&pageInfo.current=1&pageInfo.pageSize=10 HTTP/1.1" 200 98 "-" "PostmanRuntime/7.21.0"
::1 - - [23/Jan/2020:15:06:40 +0000] "GET /api/room/list?searchInfo.roomName=%E8%BF%99%E6%98%AF%E4%B8%80%E4%B8%AA%E6%88%BF%E9%97%B4&pageInfo.current=1&pageInfo.pageSize=10 HTTP/1.1" 200 98 "-" "PostmanRuntime/7.21.0"
::1 - - [23/Jan/2020:15:15:27 +0000] "GET /api/room/list HTTP/1.1" 200 98 "-" "PostmanRuntime/7.21.0"
::1 - - [23/Jan/2020:15:55:25 +0000] "GET /api/room/list HTTP/1.1" 200 109 "-" "PostmanRuntime/7.21.0"
::1 - - [23/Jan/2020:15:55:51 +0000] "GET /api/room/list?page=1&pageSize=10 HTTP/1.1" 200 2071 "-" "PostmanRuntime/7.21.0"
::1 - - [23/Jan/2020:15:56:23 +0000] "GET /api/room/list?page=1&pageSize=10&roomId=1 HTTP/1.1" 200 333 "-" "PostmanRuntime/7.21.0"
::1 - - [23/Jan/2020:15:56:30 +0000] "GET /api/room/list?page=1&pageSize=10&roomId=2 HTTP/1.1" 200 333 "-" "PostmanRuntime/7.21.0"
