::1 - - [05/Feb/2020:13:14:59 +0000] "GET /api/rank/score?page=1&type=score&pageSize=10 HTTP/1.1" 404 153 "-" "PostmanRuntime/7.22.0"
::1 - - [05/Feb/2020:13:15:08 +0000] "GET /api/rank?page=1&type=score&pageSize=10 HTTP/1.1" 200 181 "-" "PostmanRuntime/7.22.0"
::1 - - [05/Feb/2020:13:27:57 +0000] "GET /api/rank?page=1&type=score&pageSize=10 HTTP/1.1" 200 113 "-" "PostmanRuntime/7.22.0"
::1 - - [05/Feb/2020:13:28:04 +0000] "GET /api/rank?page=1&type=score&pageSize=10&userId=1 HTTP/1.1" 200 222 "-" "PostmanRuntime/7.22.0"
::1 - - [05/Feb/2020:13:28:58 +0000] "GET /api/rank?page=1&type=score&pageSize=10&userId=1 HTTP/1.1" 200 219 "-" "PostmanRuntime/7.22.0"
::1 - - [05/Feb/2020:13:53:51 +0000] "GET /api/rank?t=1580910831638&type=score&page=1&pageSize=10&userId=1 HTTP/1.1" 200 106 "http://localhost:6688/home" "Mozilla/5.0 (Macintosh; Intel Mac OS X 10_14_6) AppleWebKit/537.36 (KHTML, like Gecko) Chrome/79.0.3945.130 Safari/537.36"
::1 - - [05/Feb/2020:13:53:51 +0000] "GET /api/rank?t=1580910831645&type=score&page=1&pageSize=10&userId=1 HTTP/1.1" 200 106 "http://localhost:6688/home" "Mozilla/5.0 (Macintosh; Intel Mac OS X 10_14_6) AppleWebKit/537.36 (KHTML, like Gecko) Chrome/79.0.3945.130 Safari/537.36"
::1 - - [05/Feb/2020:13:54:27 +0000] "GET /api/rank?t=1580910867934&type=score&page=1&pageSize=10&userId=1 HTTP/1.1" 200 106 "http://localhost:6688/home" "Mozilla/5.0 (Macintosh; Intel Mac OS X 10_14_6) AppleWebKit/537.36 (KHTML, like Gecko) Chrome/79.0.3945.130 Safari/537.36"
::1 - - [05/Feb/2020:13:54:27 +0000] "GET /api/rank?t=1580910867941&type=score&page=1&pageSize=10&userId=1 HTTP/1.1" 200 106 "http://localhost:6688/home" "Mozilla/5.0 (Macintosh; Intel Mac OS X 10_14_6) AppleWebKit/537.36 (KHTML, like Gecko) Chrome/79.0.3945.130 Safari/537.36"
::1 - - [05/Feb/2020:13:54:35 +0000] "GET /api/rank?t=1580910875235&type=score&page=1&pageSize=10&userId=1 HTTP/1.1" 200 106 "http://localhost:6688/home" "Mozilla/5.0 (Macintosh; Intel Mac OS X 10_14_6) AppleWebKit/537.36 (KHTML, like Gecko) Chrome/79.0.3945.130 Safari/537.36"
::1 - - [05/Feb/2020:13:54:35 +0000] "GET /api/rank?t=1580910875277&type=score&page=1&pageSize=10&userId=1 HTTP/1.1" 200 106 "http://localhost:6688/home" "Mozilla/5.0 (Macintosh; Intel Mac OS X 10_14_6) AppleWebKit/537.36 (KHTML, like Gecko) Chrome/79.0.3945.130 Safari/537.36"
::1 - - [05/Feb/2020:13:54:43 +0000] "GET /api/rank?t=1580910883452&type=score&page=1&pageSize=10&userId=1 HTTP/1.1" 200 106 "http://localhost:6688/home" "Mozilla/5.0 (Macintosh; Intel Mac OS X 10_14_6) AppleWebKit/537.36 (KHTML, like Gecko) Chrome/79.0.3945.130 Safari/537.36"
::1 - - [05/Feb/2020:13:54:43 +0000] "GET /api/rank?t=1580910883509&type=score&page=1&pageSize=10&userId=1 HTTP/1.1" 200 106 "http://localhost:6688/home" "Mozilla/5.0 (Macintosh; Intel Mac OS X 10_14_6) AppleWebKit/537.36 (KHTML, like Gecko) Chrome/79.0.3945.130 Safari/537.36"
::1 - - [05/Feb/2020:13:54:43 +0000] "GET /api/rank?t=1580910883543&type=score&page=1&pageSize=10&userId=1 HTTP/1.1" 200 106 "http://localhost:6688/home" "Mozilla/5.0 (Macintosh; Intel Mac OS X 10_14_6) AppleWebKit/537.36 (KHTML, like Gecko) Chrome/79.0.3945.130 Safari/537.36"
::1 - - [05/Feb/2020:13:54:43 +0000] "GET /api/rank?t=1580910883581&type=score&page=1&pageSize=10&userId=1 HTTP/1.1" 200 106 "http://localhost:6688/home" "Mozilla/5.0 (Macintosh; Intel Mac OS X 10_14_6) AppleWebKit/537.36 (KHTML, like Gecko) Chrome/79.0.3945.130 Safari/537.36"
::1 - - [05/Feb/2020:13:54:56 +0000] "GET /api/rank?t=1580910896080&type=score&page=1&pageSize=10&userId=1 HTTP/1.1" 200 106 "http://localhost:6688/home" "Mozilla/5.0 (Macintosh; Intel Mac OS X 10_14_6) AppleWebKit/537.36 (KHTML, like Gecko) Chrome/79.0.3945.130 Safari/537.36"
::1 - - [05/Feb/2020:13:57:28 +0000] "GET /api/rank?t=1580911048373&type=score&page=1&pageSize=10&userId=1 HTTP/1.1" 200 219 "http://localhost:6688/home" "Mozilla/5.0 (Macintosh; Intel Mac OS X 10_14_6) AppleWebKit/537.36 (KHTML, like Gecko) Chrome/79.0.3945.130 Safari/537.36"
::1 - - [05/Feb/2020:13:58:11 +0000] "GET /api/rank?t=1580911091243&type=score&page=1&pageSize=10&userId=1 HTTP/1.1" 200 219 "http://localhost:6688/home" "Mozilla/5.0 (Macintosh; Intel Mac OS X 10_14_6) AppleWebKit/537.36 (KHTML, like Gecko) Chrome/79.0.3945.130 Safari/537.36"
::1 - - [05/Feb/2020:13:58:29 +0000] "GET /api/rank?t=1580911109828&type=score&page=1&pageSize=10&userId=1 HTTP/1.1" 200 219 "http://localhost:6688/home" "Mozilla/5.0 (Macintosh; Intel Mac OS X 10_14_6) AppleWebKit/537.36 (KHTML, like Gecko) Chrome/79.0.3945.130 Safari/537.36"
::1 - - [05/Feb/2020:13:58:47 +0000] "GET /api/rank?t=1580911127026&type=score&page=1&pageSize=10&userId=1 HTTP/1.1" 200 219 "http://localhost:6688/home" "Mozilla/5.0 (Macintosh; Intel Mac OS X 10_14_6) AppleWebKit/537.36 (KHTML, like Gecko) Chrome/79.0.3945.130 Safari/537.36"
::1 - - [05/Feb/2020:13:59:02 +0000] "GET /api/rank?t=1580911142978&type=score&page=1&pageSize=10&userId=1 HTTP/1.1" 200 219 "http://localhost:6688/home" "Mozilla/5.0 (Macintosh; Intel Mac OS X 10_14_6) AppleWebKit/537.36 (KHTML, like Gecko) Chrome/79.0.3945.130 Safari/537.36"
::1 - - [05/Feb/2020:13:59:08 +0000] "GET /api/rank?t=1580911148529&type=score&page=1&pageSize=10&userId=1 HTTP/1.1" 200 219 "http://localhost:6688/home" "Mozilla/5.0 (Macintosh; Intel Mac OS X 10_14_6) AppleWebKit/537.36 (KHTML, like Gecko) Chrome/79.0.3945.130 Safari/537.36"
::1 - - [05/Feb/2020:14:00:46 +0000] "GET /api/rank?t=1580911246587&type=score&page=1&pageSize=10&userId=1 HTTP/1.1" 200 216 "http://localhost:6688/home" "Mozilla/5.0 (Macintosh; Intel Mac OS X 10_14_6) AppleWebKit/537.36 (KHTML, like Gecko) Chrome/79.0.3945.130 Safari/537.36"
::1 - - [05/Feb/2020:14:00:51 +0000] "GET /api/rank?t=1580911251024&type=score&page=1&pageSize=10&userId=1 HTTP/1.1" 200 216 "http://localhost:6688/home" "Mozilla/5.0 (Macintosh; Intel Mac OS X 10_14_6) AppleWebKit/537.36 (KHTML, like Gecko) Chrome/79.0.3945.130 Safari/537.36"
::1 - - [05/Feb/2020:14:02:01 +0000] "GET /api/rank?t=1580911321858&type=score&page=1&pageSize=10&userId=1 HTTP/1.1" 200 216 "http://localhost:6688/home" "Mozilla/5.0 (Macintosh; Intel Mac OS X 10_14_6) AppleWebKit/537.36 (KHTML, like Gecko) Chrome/79.0.3945.130 Safari/537.36"
::1 - - [05/Feb/2020:14:02:07 +0000] "GET /api/rank?t=1580911327058&type=score&page=1&pageSize=10&userId=1 HTTP/1.1" 200 216 "http://localhost:6688/home" "Mozilla/5.0 (Macintosh; Intel Mac OS X 10_14_6) AppleWebKit/537.36 (KHTML, like Gecko) Chrome/79.0.3945.130 Safari/537.36"
::1 - - [05/Feb/2020:14:02:09 +0000] "GET /api/rank?t=1580911329751&type=score&page=1&pageSize=10&userId=1 HTTP/1.1" 200 216 "http://localhost:6688/home" "Mozilla/5.0 (Macintosh; Intel Mac OS X 10_14_6) AppleWebKit/537.36 (KHTML, like Gecko) Chrome/79.0.3945.130 Safari/537.36"
::1 - - [05/Feb/2020:14:02:16 +0000] "GET /api/rank?t=1580911336152&type=score&page=1&pageSize=10&userId=1 HTTP/1.1" 200 216 "http://localhost:6688/home" "Mozilla/5.0 (Macintosh; Intel Mac OS X 10_14_6) AppleWebKit/537.36 (KHTML, like Gecko) Chrome/79.0.3945.130 Safari/537.36"
::1 - - [05/Feb/2020:14:02:58 +0000] "GET /api/rank?t=1580911378860&type=score&page=1&pageSize=10&userId=1 HTTP/1.1" 200 216 "http://localhost:6688/home" "Mozilla/5.0 (Macintosh; Intel Mac OS X 10_14_6) AppleWebKit/537.36 (KHTML, like Gecko) Chrome/79.0.3945.130 Safari/537.36"
::1 - - [05/Feb/2020:14:04:17 +0000] "GET /api/rank?t=1580911457121&type=score&page=1&pageSize=10&userId=1 HTTP/1.1" 200 216 "http://localhost:6688/home" "Mozilla/5.0 (Macintosh; Intel Mac OS X 10_14_6) AppleWebKit/537.36 (KHTML, like Gecko) Chrome/79.0.3945.130 Safari/537.36"
::1 - - [05/Feb/2020:14:04:19 +0000] "GET /api/rank?t=1580911459723&type=score&page=1&pageSize=10&userId=1 HTTP/1.1" 200 216 "http://localhost:6688/home" "Mozilla/5.0 (Macintosh; Intel Mac OS X 10_14_6) AppleWebKit/537.36 (KHTML, like Gecko) Chrome/79.0.3945.130 Safari/537.36"
::1 - - [05/Feb/2020:14:04:31 +0000] "GET /api/rank?t=1580911471674&type=score&page=1&pageSize=10&userId=1 HTTP/1.1" 200 216 "http://localhost:6688/home" "Mozilla/5.0 (Macintosh; Intel Mac OS X 10_14_6) AppleWebKit/537.36 (KHTML, like Gecko) Chrome/79.0.3945.130 Safari/537.36"
::1 - - [05/Feb/2020:14:04:33 +0000] "GET /api/rank?t=1580911473397&type=score&page=1&pageSize=10&userId=1 HTTP/1.1" 200 216 "http://localhost:6688/home" "Mozilla/5.0 (Macintosh; Intel Mac OS X 10_14_6) AppleWebKit/537.36 (KHTML, like Gecko) Chrome/79.0.3945.130 Safari/537.36"
::1 - - [05/Feb/2020:14:04:37 +0000] "GET /api/rank?t=1580911477944&type=score&page=1&pageSize=10&userId=1 HTTP/1.1" 200 216 "http://localhost:6688/home" "Mozilla/5.0 (Macintosh; Intel Mac OS X 10_14_6) AppleWebKit/537.36 (KHTML, like Gecko) Chrome/79.0.3945.130 Safari/537.36"
::1 - - [05/Feb/2020:14:04:51 +0000] "GET /api/rank?t=1580911491377&type=score&page=1&pageSize=10&userId=1 HTTP/1.1" 200 216 "http://localhost:6688/home" "Mozilla/5.0 (Macintosh; Intel Mac OS X 10_14_6) AppleWebKit/537.36 (KHTML, like Gecko) Chrome/79.0.3945.130 Safari/537.36"
::1 - - [05/Feb/2020:14:05:00 +0000] "GET /api/rank?t=1580911500803&type=score&page=1&pageSize=10&userId=1 HTTP/1.1" 200 216 "http://localhost:6688/home" "Mozilla/5.0 (Macintosh; Intel Mac OS X 10_14_6) AppleWebKit/537.36 (KHTML, like Gecko) Chrome/79.0.3945.130 Safari/537.36"
::1 - - [05/Feb/2020:14:05:37 +0000] "GET /api/rank?t=1580911537044&type=score&page=1&pageSize=10&userId=1 HTTP/1.1" 200 216 "http://localhost:6688/home" "Mozilla/5.0 (Macintosh; Intel Mac OS X 10_14_6) AppleWebKit/537.36 (KHTML, like Gecko) Chrome/79.0.3945.130 Safari/537.36"
::1 - - [05/Feb/2020:14:06:02 +0000] "GET /api/rank?t=1580911562954&type=score&page=1&pageSize=10&userId=1 HTTP/1.1" 200 216 "http://localhost:6688/home" "Mozilla/5.0 (Macintosh; Intel Mac OS X 10_14_6) AppleWebKit/537.36 (KHTML, like Gecko) Chrome/79.0.3945.130 Safari/537.36"
::1 - - [05/Feb/2020:14:06:22 +0000] "GET /api/rank?t=1580911582618&type=score&page=1&pageSize=10&userId=1 HTTP/1.1" 200 216 "http://localhost:6688/home" "Mozilla/5.0 (Macintosh; Intel Mac OS X 10_14_6) AppleWebKit/537.36 (KHTML, like Gecko) Chrome/79.0.3945.130 Safari/537.36"
::1 - - [05/Feb/2020:14:06:56 +0000] "GET /api/rank?t=1580911616414&type=score&page=1&pageSize=10&userId=1 HTTP/1.1" 200 216 "http://localhost:6688/home" "Mozilla/5.0 (Macintosh; Intel Mac OS X 10_14_6) AppleWebKit/537.36 (KHTML, like Gecko) Chrome/79.0.3945.130 Safari/537.36"
::1 - - [05/Feb/2020:14:07:29 +0000] "GET /api/rank?t=1580911649740&type=score&page=1&pageSize=10&userId=1 HTTP/1.1" 200 216 "http://localhost:6688/home" "Mozilla/5.0 (Macintosh; Intel Mac OS X 10_14_6) AppleWebKit/537.36 (KHTML, like Gecko) Chrome/79.0.3945.130 Safari/537.36"
::1 - - [05/Feb/2020:14:07:38 +0000] "GET /api/rank?t=1580911658296&type=score&page=1&pageSize=10&userId=1 HTTP/1.1" 200 216 "http://localhost:6688/home" "Mozilla/5.0 (Macintosh; Intel Mac OS X 10_14_6) AppleWebKit/537.36 (KHTML, like Gecko) Chrome/79.0.3945.130 Safari/537.36"
::1 - - [05/Feb/2020:14:07:47 +0000] "GET /api/rank?t=1580911667264&type=score&page=1&pageSize=10&userId=1 HTTP/1.1" 200 216 "http://localhost:6688/home" "Mozilla/5.0 (Macintosh; Intel Mac OS X 10_14_6) AppleWebKit/537.36 (KHTML, like Gecko) Chrome/79.0.3945.130 Safari/537.36"
::1 - - [05/Feb/2020:14:08:06 +0000] "GET /api/rank?t=1580911686469&type=score&page=1&pageSize=10&userId=1 HTTP/1.1" 200 216 "http://localhost:6688/home" "Mozilla/5.0 (Macintosh; Intel Mac OS X 10_14_6) AppleWebKit/537.36 (KHTML, like Gecko) Chrome/79.0.3945.130 Safari/537.36"
::1 - - [05/Feb/2020:14:10:20 +0000] "GET /api/rank?t=1580911820984&type=score&page=1&pageSize=10&userId=1 HTTP/1.1" 200 216 "http://localhost:6688/home" "Mozilla/5.0 (Macintosh; Intel Mac OS X 10_14_6) AppleWebKit/537.36 (KHTML, like Gecko) Chrome/79.0.3945.130 Safari/537.36"
::1 - - [05/Feb/2020:14:10:22 +0000] "GET /api/rank?t=1580911822297&type=score&page=1&pageSize=10&userId=1 HTTP/1.1" 200 216 "http://localhost:6688/home" "Mozilla/5.0 (Macintosh; Intel Mac OS X 10_14_6) AppleWebKit/537.36 (KHTML, like Gecko) Chrome/79.0.3945.130 Safari/537.36"
::1 - - [05/Feb/2020:14:10:25 +0000] "GET /api/rank?t=1580911825387&type=score&page=1&pageSize=10&userId=1 HTTP/1.1" 200 216 "http://localhost:6688/home" "Mozilla/5.0 (Macintosh; Intel Mac OS X 10_14_6) AppleWebKit/537.36 (KHTML, like Gecko) Chrome/79.0.3945.130 Safari/537.36"
::1 - - [05/Feb/2020:14:10:29 +0000] "GET /api/rank?t=1580911829418&type=score&page=1&pageSize=10&userId=1 HTTP/1.1" 200 216 "http://localhost:6688/home" "Mozilla/5.0 (Macintosh; Intel Mac OS X 10_14_6) AppleWebKit/537.36 (KHTML, like Gecko) Chrome/79.0.3945.130 Safari/537.36"
::1 - - [05/Feb/2020:14:10:33 +0000] "GET /api/rank?t=1580911833427&type=score&page=1&pageSize=10&userId=1 HTTP/1.1" 200 216 "http://localhost:6688/home" "Mozilla/5.0 (Macintosh; Intel Mac OS X 10_14_6) AppleWebKit/537.36 (KHTML, like Gecko) Chrome/79.0.3945.130 Safari/537.36"
::1 - - [05/Feb/2020:14:34:01 +0000] "GET /api/rank?t=1580913241505&type=score&page=1&pageSize=10&userId=1 HTTP/1.1" 200 216 "http://localhost:6688/home" "Mozilla/5.0 (Macintosh; Intel Mac OS X 10_14_6) AppleWebKit/537.36 (KHTML, like Gecko) Chrome/79.0.3945.130 Safari/537.36"
::1 - - [05/Feb/2020:14:34:43 +0000] "GET /api/rank?t=1580913283292&type=score&page=1&pageSize=10&userId=1 HTTP/1.1" 200 216 "http://localhost:6688/home" "Mozilla/5.0 (Macintosh; Intel Mac OS X 10_14_6) AppleWebKit/537.36 (KHTML, like Gecko) Chrome/79.0.3945.130 Safari/537.36"
::1 - - [05/Feb/2020:14:34:47 +0000] "GET /api/rank?t=1580913287980&type=score&page=1&pageSize=10&userId=1 HTTP/1.1" 200 216 "http://localhost:6688/home" "Mozilla/5.0 (Macintosh; Intel Mac OS X 10_14_6) AppleWebKit/537.36 (KHTML, like Gecko) Chrome/79.0.3945.130 Safari/537.36"
::1 - - [05/Feb/2020:14:35:13 +0000] "GET /api/rank?t=1580913313086&type=score&page=1&pageSize=10&userId=1 HTTP/1.1" 200 216 "http://localhost:6688/home" "Mozilla/5.0 (Macintosh; Intel Mac OS X 10_14_6) AppleWebKit/537.36 (KHTML, like Gecko) Chrome/79.0.3945.130 Safari/537.36"
::1 - - [06/Feb/2020:07:21:35 +0000] "GET /api/rank?t=1580973695977&type=score&page=1&pageSize=10&userId=1 HTTP/1.1" 200 216 "http://localhost:6688/home" "Mozilla/5.0 (Macintosh; Intel Mac OS X 10_14_6) AppleWebKit/537.36 (KHTML, like Gecko) Chrome/79.0.3945.130 Safari/537.36"
::1 - - [06/Feb/2020:07:22:01 +0000] "GET /api/rank?t=1580973721184&type=score&page=1&pageSize=10&userId=1 HTTP/1.1" 200 216 "http://localhost:6688/home" "Mozilla/5.0 (Macintosh; Intel Mac OS X 10_14_6) AppleWebKit/537.36 (KHTML, like Gecko) Chrome/79.0.3945.130 Safari/537.36"
::1 - - [06/Feb/2020:07:26:37 +0000] "GET /api/rank?t=1580973997068&type=score&page=1&pageSize=10&userId=1 HTTP/1.1" 200 216 "http://localhost:6688/home" "Mozilla/5.0 (Macintosh; Intel Mac OS X 10_14_6) AppleWebKit/537.36 (KHTML, like Gecko) Chrome/79.0.3945.130 Safari/537.36"
::1 - - [06/Feb/2020:07:28:02 +0000] "GET /api/rank?t=1580974082108&type=score&page=1&pageSize=10&userId=1 HTTP/1.1" 200 216 "http://localhost:6688/home" "Mozilla/5.0 (Macintosh; Intel Mac OS X 10_14_6) AppleWebKit/537.36 (KHTML, like Gecko) Chrome/79.0.3945.130 Safari/537.36"
::1 - - [06/Feb/2020:07:28:30 +0000] "GET /api/rank?t=1580974110904&type=score&page=1&pageSize=10&userId=1 HTTP/1.1" 200 216 "http://localhost:6688/home" "Mozilla/5.0 (Macintosh; Intel Mac OS X 10_14_6) AppleWebKit/537.36 (KHTML, like Gecko) Chrome/79.0.3945.130 Safari/537.36"
::1 - - [06/Feb/2020:07:28:45 +0000] "GET /api/rank?t=1580974125734&type=score&page=1&pageSize=10&userId=1 HTTP/1.1" 200 216 "http://localhost:6688/home" "Mozilla/5.0 (Macintosh; Intel Mac OS X 10_14_6) AppleWebKit/537.36 (KHTML, like Gecko) Chrome/79.0.3945.130 Safari/537.36"
::1 - - [06/Feb/2020:07:29:01 +0000] "GET /api/rank?t=1580974141773&type=score&page=1&pageSize=10&userId=1 HTTP/1.1" 200 216 "http://localhost:6688/home" "Mozilla/5.0 (Macintosh; Intel Mac OS X 10_14_6) AppleWebKit/537.36 (KHTML, like Gecko) Chrome/79.0.3945.130 Safari/537.36"
::1 - - [06/Feb/2020:07:29:20 +0000] "GET /api/rank?t=1580974160639&type=score&page=1&pageSize=10&userId=1 HTTP/1.1" 200 216 "http://localhost:6688/home" "Mozilla/5.0 (Macintosh; Intel Mac OS X 10_14_6) AppleWebKit/537.36 (KHTML, like Gecko) Chrome/79.0.3945.130 Safari/537.36"
::1 - - [06/Feb/2020:07:29:43 +0000] "GET /api/rank?t=1580974183683&type=score&page=1&pageSize=10&userId=1 HTTP/1.1" 200 216 "http://localhost:6688/home" "Mozilla/5.0 (Macintosh; Intel Mac OS X 10_14_6) AppleWebKit/537.36 (KHTML, like Gecko) Chrome/79.0.3945.130 Safari/537.36"
::1 - - [06/Feb/2020:07:29:50 +0000] "GET /api/rank?t=1580974190342&type=score&page=1&pageSize=10&userId=1 HTTP/1.1" 200 216 "http://localhost:6688/home" "Mozilla/5.0 (Macintosh; Intel Mac OS X 10_14_6) AppleWebKit/537.36 (KHTML, like Gecko) Chrome/79.0.3945.130 Safari/537.36"
::1 - - [06/Feb/2020:07:29:53 +0000] "GET /api/rank?t=1580974193663&type=score&page=1&pageSize=10&userId=1 HTTP/1.1" 200 216 "http://localhost:6688/home" "Mozilla/5.0 (Macintosh; Intel Mac OS X 10_14_6) AppleWebKit/537.36 (KHTML, like Gecko) Chrome/79.0.3945.130 Safari/537.36"
::1 - - [06/Feb/2020:07:29:59 +0000] "GET /api/rank?t=1580974199575&type=score&page=1&pageSize=10&userId=1 HTTP/1.1" 200 216 "http://localhost:6688/home" "Mozilla/5.0 (Macintosh; Intel Mac OS X 10_14_6) AppleWebKit/537.36 (KHTML, like Gecko) Chrome/79.0.3945.130 Safari/537.36"
::1 - - [06/Feb/2020:07:31:14 +0000] "GET /api/rank?t=1580974274138&type=score&page=1&pageSize=10&userId=1 HTTP/1.1" 200 216 "http://localhost:6688/home" "Mozilla/5.0 (Macintosh; Intel Mac OS X 10_14_6) AppleWebKit/537.36 (KHTML, like Gecko) Chrome/79.0.3945.130 Safari/537.36"
::1 - - [06/Feb/2020:07:31:32 +0000] "GET /api/rank?t=1580974292235&type=score&page=1&pageSize=10&userId=1 HTTP/1.1" 200 216 "http://localhost:6688/home" "Mozilla/5.0 (Macintosh; Intel Mac OS X 10_14_6) AppleWebKit/537.36 (KHTML, like Gecko) Chrome/79.0.3945.130 Safari/537.36"
::1 - - [06/Feb/2020:07:32:29 +0000] "GET /api/rank?t=1580974349562&type=score&page=1&pageSize=10&userId=1 HTTP/1.1" 200 216 "http://localhost:6688/home" "Mozilla/5.0 (Macintosh; Intel Mac OS X 10_14_6) AppleWebKit/537.36 (KHTML, like Gecko) Chrome/79.0.3945.130 Safari/537.36"
::1 - - [06/Feb/2020:07:32:47 +0000] "GET /api/rank?t=1580974367488&type=score&page=1&pageSize=10&userId=1 HTTP/1.1" 200 216 "http://localhost:6688/home" "Mozilla/5.0 (Macintosh; Intel Mac OS X 10_14_6) AppleWebKit/537.36 (KHTML, like Gecko) Chrome/79.0.3945.130 Safari/537.36"
::1 - - [06/Feb/2020:07:32:56 +0000] "GET /api/rank?t=1580974376356&type=score&page=1&pageSize=10&userId=1 HTTP/1.1" 200 216 "http://localhost:6688/home" "Mozilla/5.0 (Macintosh; Intel Mac OS X 10_14_6) AppleWebKit/537.36 (KHTML, like Gecko) Chrome/79.0.3945.130 Safari/537.36"
::1 - - [06/Feb/2020:07:32:58 +0000] "GET /api/rank?t=1580974378509&type=score&page=1&pageSize=10&userId=1 HTTP/1.1" 200 216 "http://localhost:6688/home" "Mozilla/5.0 (Macintosh; Intel Mac OS X 10_14_6) AppleWebKit/537.36 (KHTML, like Gecko) Chrome/79.0.3945.130 Safari/537.36"
::1 - - [06/Feb/2020:07:33:02 +0000] "GET /api/rank?t=1580974382058&type=score&page=1&pageSize=10&userId=1 HTTP/1.1" 200 216 "http://localhost:6688/home" "Mozilla/5.0 (Macintosh; Intel Mac OS X 10_14_6) AppleWebKit/537.36 (KHTML, like Gecko) Chrome/79.0.3945.130 Safari/537.36"
::1 - - [06/Feb/2020:07:33:32 +0000] "GET /api/rank?t=1580974412044&type=score&page=1&pageSize=10&userId=1 HTTP/1.1" 200 216 "http://localhost:6688/home" "Mozilla/5.0 (Macintosh; Intel Mac OS X 10_14_6) AppleWebKit/537.36 (KHTML, like Gecko) Chrome/79.0.3945.130 Safari/537.36"
::1 - - [06/Feb/2020:07:33:33 +0000] "GET /api/rank?t=1580974413431&type=score&page=1&pageSize=10&userId=1 HTTP/1.1" 200 216 "http://localhost:6688/home" "Mozilla/5.0 (Macintosh; Intel Mac OS X 10_14_6) AppleWebKit/537.36 (KHTML, like Gecko) Chrome/79.0.3945.130 Safari/537.36"
::1 - - [06/Feb/2020:07:33:42 +0000] "GET /api/rank?t=1580974422149&type=score&page=1&pageSize=10&userId=1 HTTP/1.1" 200 216 "http://localhost:6688/home" "Mozilla/5.0 (Macintosh; Intel Mac OS X 10_14_6) AppleWebKit/537.36 (KHTML, like Gecko) Chrome/79.0.3945.130 Safari/537.36"
::1 - - [06/Feb/2020:07:34:03 +0000] "GET /api/rank?t=1580974443010&type=score&page=1&pageSize=10&userId=1 HTTP/1.1" 200 216 "http://localhost:6688/home" "Mozilla/5.0 (Macintosh; Intel Mac OS X 10_14_6) AppleWebKit/537.36 (KHTML, like Gecko) Chrome/79.0.3945.130 Safari/537.36"
::1 - - [06/Feb/2020:07:34:14 +0000] "GET /api/rank?t=1580974454830&type=score&page=1&pageSize=10&userId=1 HTTP/1.1" 200 216 "http://localhost:6688/home" "Mozilla/5.0 (Macintosh; Intel Mac OS X 10_14_6) AppleWebKit/537.36 (KHTML, like Gecko) Chrome/79.0.3945.130 Safari/537.36"
::1 - - [06/Feb/2020:07:34:25 +0000] "GET /api/rank?t=1580974465029&type=score&page=1&pageSize=10&userId=1 HTTP/1.1" 200 216 "http://localhost:6688/home" "Mozilla/5.0 (Macintosh; Intel Mac OS X 10_14_6) AppleWebKit/537.36 (KHTML, like Gecko) Chrome/79.0.3945.130 Safari/537.36"
::1 - - [06/Feb/2020:07:34:38 +0000] "GET /api/rank?t=1580974478891&type=score&page=1&pageSize=10&userId=1 HTTP/1.1" 200 216 "http://localhost:6688/home" "Mozilla/5.0 (Macintosh; Intel Mac OS X 10_14_6) AppleWebKit/537.36 (KHTML, like Gecko) Chrome/79.0.3945.130 Safari/537.36"
::1 - - [06/Feb/2020:07:34:45 +0000] "GET /api/rank?t=1580974485578&type=score&page=1&pageSize=10&userId=1 HTTP/1.1" 200 216 "http://localhost:6688/home" "Mozilla/5.0 (Macintosh; Intel Mac OS X 10_14_6) AppleWebKit/537.36 (KHTML, like Gecko) Chrome/79.0.3945.130 Safari/537.36"
::1 - - [06/Feb/2020:07:34:49 +0000] "GET /api/rank?t=1580974489247&type=score&page=1&pageSize=10&userId=1 HTTP/1.1" 200 216 "http://localhost:6688/home" "Mozilla/5.0 (Macintosh; Intel Mac OS X 10_14_6) AppleWebKit/537.36 (KHTML, like Gecko) Chrome/79.0.3945.130 Safari/537.36"
::1 - - [06/Feb/2020:07:36:01 +0000] "GET /api/rank?t=1580974561855&type=score&page=1&pageSize=10&userId=1 HTTP/1.1" 200 216 "http://localhost:6688/home" "Mozilla/5.0 (Macintosh; Intel Mac OS X 10_14_6) AppleWebKit/537.36 (KHTML, like Gecko) Chrome/79.0.3945.130 Safari/537.36"
::1 - - [06/Feb/2020:07:36:06 +0000] "GET /api/rank?t=1580974566731&type=score&page=1&pageSize=10&userId=1 HTTP/1.1" 200 216 "http://localhost:6688/home" "Mozilla/5.0 (Macintosh; Intel Mac OS X 10_14_6) AppleWebKit/537.36 (KHTML, like Gecko) Chrome/79.0.3945.130 Safari/537.36"
::1 - - [06/Feb/2020:07:37:11 +0000] "GET /api/rank?t=1580974631824&type=score&page=1&pageSize=10&userId=1 HTTP/1.1" 200 216 "http://localhost:6688/home" "Mozilla/5.0 (Macintosh; Intel Mac OS X 10_14_6) AppleWebKit/537.36 (KHTML, like Gecko) Chrome/79.0.3945.130 Safari/537.36"
::1 - - [06/Feb/2020:07:37:27 +0000] "GET /api/rank?t=1580974647954&type=score&page=1&pageSize=10&userId=1 HTTP/1.1" 200 216 "http://localhost:6688/home" "Mozilla/5.0 (Macintosh; Intel Mac OS X 10_14_6) AppleWebKit/537.36 (KHTML, like Gecko) Chrome/79.0.3945.130 Safari/537.36"
::1 - - [06/Feb/2020:07:37:32 +0000] "GET /api/rank?t=1580974652812&type=score&page=1&pageSize=10&userId=1 HTTP/1.1" 200 216 "http://localhost:6688/home" "Mozilla/5.0 (Macintosh; Intel Mac OS X 10_14_6) AppleWebKit/537.36 (KHTML, like Gecko) Chrome/79.0.3945.130 Safari/537.36"
::1 - - [06/Feb/2020:07:37:36 +0000] "GET /api/rank?t=1580974656933&type=score&page=1&pageSize=10&userId=1 HTTP/1.1" 200 216 "http://localhost:6688/home" "Mozilla/5.0 (Macintosh; Intel Mac OS X 10_14_6) AppleWebKit/537.36 (KHTML, like Gecko) Chrome/79.0.3945.130 Safari/537.36"
::1 - - [06/Feb/2020:07:37:41 +0000] "GET /api/rank?t=1580974661876&type=score&page=1&pageSize=10&userId=1 HTTP/1.1" 200 216 "http://localhost:6688/home" "Mozilla/5.0 (Macintosh; Intel Mac OS X 10_14_6) AppleWebKit/537.36 (KHTML, like Gecko) Chrome/79.0.3945.130 Safari/537.36"
::1 - - [06/Feb/2020:07:38:11 +0000] "GET /api/rank?t=1580974691504&type=score&page=1&pageSize=10&userId=1 HTTP/1.1" 200 216 "http://localhost:6688/home" "Mozilla/5.0 (Macintosh; Intel Mac OS X 10_14_6) AppleWebKit/537.36 (KHTML, like Gecko) Chrome/79.0.3945.130 Safari/537.36"
::1 - - [06/Feb/2020:07:38:56 +0000] "GET /api/rank?t=1580974736477&type=score&page=1&pageSize=10&userId=1 HTTP/1.1" 200 216 "http://localhost:6688/home" "Mozilla/5.0 (Macintosh; Intel Mac OS X 10_14_6) AppleWebKit/537.36 (KHTML, like Gecko) Chrome/79.0.3945.130 Safari/537.36"
::1 - - [06/Feb/2020:07:38:59 +0000] "GET /api/rank?t=1580974739455&type=score&page=1&pageSize=10&userId=1 HTTP/1.1" 200 216 "http://localhost:6688/home" "Mozilla/5.0 (Macintosh; Intel Mac OS X 10_14_6) AppleWebKit/537.36 (KHTML, like Gecko) Chrome/79.0.3945.130 Safari/537.36"
::1 - - [06/Feb/2020:07:39:11 +0000] "GET /api/rank?t=1580974742715&page=1&pageSize=10&userId=1 HTTP/1.1" - - "http://localhost:6688/home" "Mozilla/5.0 (Macintosh; Intel Mac OS X 10_14_6) AppleWebKit/537.36 (KHTML, like Gecko) Chrome/79.0.3945.130 Safari/537.36"
::1 - - [06/Feb/2020:07:39:20 +0000] "GET /api/rank?t=1580974751854&page=1&pageSize=10&userId=1 HTTP/1.1" - - "http://localhost:6688/home" "Mozilla/5.0 (Macintosh; Intel Mac OS X 10_14_6) AppleWebKit/537.36 (KHTML, like Gecko) Chrome/79.0.3945.130 Safari/537.36"
::1 - - [06/Feb/2020:07:39:20 +0000] "GET /api/rank?t=1580974760436&type=score&page=1&pageSize=10&userId=1 HTTP/1.1" 200 216 "http://localhost:6688/home" "Mozilla/5.0 (Macintosh; Intel Mac OS X 10_14_6) AppleWebKit/537.36 (KHTML, like Gecko) Chrome/79.0.3945.130 Safari/537.36"
::1 - - [06/Feb/2020:07:39:24 +0000] "GET /api/rank?t=1580974764311&type=score&page=1&pageSize=10&userId=1 HTTP/1.1" 200 216 "http://localhost:6688/home" "Mozilla/5.0 (Macintosh; Intel Mac OS X 10_14_6) AppleWebKit/537.36 (KHTML, like Gecko) Chrome/79.0.3945.130 Safari/537.36"
::1 - - [06/Feb/2020:07:39:27 +0000] "GET /api/rank?t=1580974767382&type=score&page=1&pageSize=10&userId=1 HTTP/1.1" 200 216 "http://localhost:6688/home" "Mozilla/5.0 (Macintosh; Intel Mac OS X 10_14_6) AppleWebKit/537.36 (KHTML, like Gecko) Chrome/79.0.3945.130 Safari/537.36"
::1 - - [06/Feb/2020:07:39:29 +0000] "GET /api/rank?t=1580974769950&type=score&page=1&pageSize=10&userId=1 HTTP/1.1" 200 216 "http://localhost:6688/home" "Mozilla/5.0 (Macintosh; Intel Mac OS X 10_14_6) AppleWebKit/537.36 (KHTML, like Gecko) Chrome/79.0.3945.130 Safari/537.36"
::1 - - [06/Feb/2020:07:39:32 +0000] "GET /api/rank?t=1580974772071&type=score&page=1&pageSize=10&userId=1 HTTP/1.1" 200 216 "http://localhost:6688/home" "Mozilla/5.0 (Macintosh; Intel Mac OS X 10_14_6) AppleWebKit/537.36 (KHTML, like Gecko) Chrome/79.0.3945.130 Safari/537.36"
::1 - - [06/Feb/2020:07:39:36 +0000] "GET /api/rank?t=1580974776068&type=score&page=1&pageSize=10&userId=1 HTTP/1.1" 200 216 "http://localhost:6688/home" "Mozilla/5.0 (Macintosh; Intel Mac OS X 10_14_6) AppleWebKit/537.36 (KHTML, like Gecko) Chrome/79.0.3945.130 Safari/537.36"
::1 - - [06/Feb/2020:07:39:37 +0000] "GET /api/rank?t=1580974777344&type=recordCount&page=1&pageSize=10&userId=1 HTTP/1.1" 200 216 "http://localhost:6688/home" "Mozilla/5.0 (Macintosh; Intel Mac OS X 10_14_6) AppleWebKit/537.36 (KHTML, like Gecko) Chrome/79.0.3945.130 Safari/537.36"
::1 - - [06/Feb/2020:07:39:39 +0000] "GET /api/rank?t=1580974779600&type=defeatCount&page=1&pageSize=10&userId=1 HTTP/1.1" 200 216 "http://localhost:6688/home" "Mozilla/5.0 (Macintosh; Intel Mac OS X 10_14_6) AppleWebKit/537.36 (KHTML, like Gecko) Chrome/79.0.3945.130 Safari/537.36"
::1 - - [06/Feb/2020:07:39:41 +0000] "GET /api/rank?t=1580974781814&type=maxDefeat&page=1&pageSize=10&userId=1 HTTP/1.1" 200 215 "http://localhost:6688/home" "Mozilla/5.0 (Macintosh; Intel Mac OS X 10_14_6) AppleWebKit/537.36 (KHTML, like Gecko) Chrome/79.0.3945.130 Safari/537.36"
::1 - - [06/Feb/2020:07:40:25 +0000] "GET /api/rank?t=1580974825886&type=score&page=1&pageSize=10&userId=1 HTTP/1.1" 200 216 "http://localhost:6688/home" "Mozilla/5.0 (Macintosh; Intel Mac OS X 10_14_6) AppleWebKit/537.36 (KHTML, like Gecko) Chrome/79.0.3945.130 Safari/537.36"
::1 - - [06/Feb/2020:07:40:31 +0000] "GET /api/rank?t=1580974831190&type=recordCount&page=1&pageSize=10&userId=1 HTTP/1.1" 200 216 "http://localhost:6688/home" "Mozilla/5.0 (Macintosh; Intel Mac OS X 10_14_6) AppleWebKit/537.36 (KHTML, like Gecko) Chrome/79.0.3945.130 Safari/537.36"
::1 - - [06/Feb/2020:07:40:37 +0000] "GET /api/rank?t=1580974837137&type=defeatCount&page=1&pageSize=10&userId=1 HTTP/1.1" 200 216 "http://localhost:6688/home" "Mozilla/5.0 (Macintosh; Intel Mac OS X 10_14_6) AppleWebKit/537.36 (KHTML, like Gecko) Chrome/79.0.3945.130 Safari/537.36"
::1 - - [06/Feb/2020:07:40:40 +0000] "GET /api/rank?t=1580974840985&type=maxDefeat&page=1&pageSize=10&userId=1 HTTP/1.1" 200 215 "http://localhost:6688/home" "Mozilla/5.0 (Macintosh; Intel Mac OS X 10_14_6) AppleWebKit/537.36 (KHTML, like Gecko) Chrome/79.0.3945.130 Safari/537.36"
::1 - - [06/Feb/2020:07:43:09 +0000] "GET /api/rank?t=1580974989414&type=score&page=1&pageSize=10&userId=1 HTTP/1.1" 200 216 "http://localhost:6688/home" "Mozilla/5.0 (Macintosh; Intel Mac OS X 10_14_6) AppleWebKit/537.36 (KHTML, like Gecko) Chrome/79.0.3945.130 Safari/537.36"
::1 - - [06/Feb/2020:07:43:10 +0000] "GET /api/rank?t=1580974990970&type=recordCount&page=1&pageSize=10&userId=1 HTTP/1.1" 200 216 "http://localhost:6688/home" "Mozilla/5.0 (Macintosh; Intel Mac OS X 10_14_6) AppleWebKit/537.36 (KHTML, like Gecko) Chrome/79.0.3945.130 Safari/537.36"
::1 - - [06/Feb/2020:07:43:13 +0000] "GET /api/rank?t=1580974993362&type=defeatCount&page=1&pageSize=10&userId=1 HTTP/1.1" 200 216 "http://localhost:6688/home" "Mozilla/5.0 (Macintosh; Intel Mac OS X 10_14_6) AppleWebKit/537.36 (KHTML, like Gecko) Chrome/79.0.3945.130 Safari/537.36"
::1 - - [06/Feb/2020:07:43:14 +0000] "GET /api/rank?t=1580974994364&type=maxDefeat&page=1&pageSize=10&userId=1 HTTP/1.1" 200 215 "http://localhost:6688/home" "Mozilla/5.0 (Macintosh; Intel Mac OS X 10_14_6) AppleWebKit/537.36 (KHTML, like Gecko) Chrome/79.0.3945.130 Safari/537.36"
::1 - - [06/Feb/2020:07:47:59 +0000] "GET /api/rank?t=1580975279292&type=score&page=1&pageSize=10&userId=1 HTTP/1.1" 200 216 "http://localhost:6688/home" "Mozilla/5.0 (Macintosh; Intel Mac OS X 10_14_6) AppleWebKit/537.36 (KHTML, like Gecko) Chrome/79.0.3945.130 Safari/537.36"
::1 - - [06/Feb/2020:07:48:28 +0000] "GET /api/rank?t=1580975308992&type=score&page=1&pageSize=10&userId=1 HTTP/1.1" 200 216 "http://localhost:6688/home" "Mozilla/5.0 (Macintosh; Intel Mac OS X 10_14_6) AppleWebKit/537.36 (KHTML, like Gecko) Chrome/79.0.3945.130 Safari/537.36"
::1 - - [06/Feb/2020:07:48:48 +0000] "GET /api/rank?t=1580975328433&type=score&page=1&pageSize=10&userId=1 HTTP/1.1" 200 216 "http://localhost:6688/home" "Mozilla/5.0 (Macintosh; Intel Mac OS X 10_14_6) AppleWebKit/537.36 (KHTML, like Gecko) Chrome/79.0.3945.130 Safari/537.36"
::1 - - [06/Feb/2020:07:49:20 +0000] "GET /api/rank?t=1580975360745&type=score&page=1&pageSize=10&userId=1 HTTP/1.1" 200 216 "http://localhost:6688/home" "Mozilla/5.0 (Macintosh; Intel Mac OS X 10_14_6) AppleWebKit/537.36 (KHTML, like Gecko) Chrome/79.0.3945.130 Safari/537.36"
::1 - - [06/Feb/2020:07:49:30 +0000] "GET /api/rank?t=1580975370347&type=score&page=1&pageSize=10&userId=1 HTTP/1.1" 200 216 "http://localhost:6688/home" "Mozilla/5.0 (Macintosh; Intel Mac OS X 10_14_6) AppleWebKit/537.36 (KHTML, like Gecko) Chrome/79.0.3945.130 Safari/537.36"
::1 - - [06/Feb/2020:07:49:36 +0000] "GET /api/rank?t=1580975376646&type=score&page=1&pageSize=10&userId=1 HTTP/1.1" 200 216 "http://localhost:6688/home" "Mozilla/5.0 (Macintosh; Intel Mac OS X 10_14_6) AppleWebKit/537.36 (KHTML, like Gecko) Chrome/79.0.3945.130 Safari/537.36"
::1 - - [06/Feb/2020:07:49:54 +0000] "GET /api/rank?t=1580975394037&type=score&page=1&pageSize=10&userId=1 HTTP/1.1" 200 216 "http://localhost:6688/home" "Mozilla/5.0 (Macintosh; Intel Mac OS X 10_14_6) AppleWebKit/537.36 (KHTML, like Gecko) Chrome/79.0.3945.130 Safari/537.36"
::1 - - [06/Feb/2020:07:50:02 +0000] "GET /api/rank?t=1580975402880&type=score&page=1&pageSize=10&userId=1 HTTP/1.1" 200 216 "http://localhost:6688/home" "Mozilla/5.0 (Macintosh; Intel Mac OS X 10_14_6) AppleWebKit/537.36 (KHTML, like Gecko) Chrome/79.0.3945.130 Safari/537.36"
::1 - - [06/Feb/2020:07:50:09 +0000] "GET /api/rank?t=1580975409078&type=score&page=1&pageSize=10&userId=1 HTTP/1.1" 200 216 "http://localhost:6688/home" "Mozilla/5.0 (Macintosh; Intel Mac OS X 10_14_6) AppleWebKit/537.36 (KHTML, like Gecko) Chrome/79.0.3945.130 Safari/537.36"
::1 - - [06/Feb/2020:07:50:11 +0000] "GET /api/rank?t=1580975411041&type=score&page=1&pageSize=10&userId=1 HTTP/1.1" 200 216 "http://localhost:6688/home" "Mozilla/5.0 (Macintosh; Intel Mac OS X 10_14_6) AppleWebKit/537.36 (KHTML, like Gecko) Chrome/79.0.3945.130 Safari/537.36"
::1 - - [06/Feb/2020:07:50:31 +0000] "GET /api/rank?t=1580975431360&type=score&page=1&pageSize=10&userId=1 HTTP/1.1" 200 216 "http://localhost:6688/home" "Mozilla/5.0 (Macintosh; Intel Mac OS X 10_14_6) AppleWebKit/537.36 (KHTML, like Gecko) Chrome/79.0.3945.130 Safari/537.36"
::1 - - [06/Feb/2020:07:50:53 +0000] "GET /api/rank?t=1580975453849&type=score&page=1&pageSize=10&userId=1 HTTP/1.1" 200 216 "http://localhost:6688/home" "Mozilla/5.0 (Macintosh; Intel Mac OS X 10_14_6) AppleWebKit/537.36 (KHTML, like Gecko) Chrome/79.0.3945.130 Safari/537.36"
::1 - - [06/Feb/2020:07:50:59 +0000] "GET /api/rank?t=1580975459117&type=score&page=1&pageSize=10&userId=1 HTTP/1.1" 200 216 "http://localhost:6688/home" "Mozilla/5.0 (Macintosh; Intel Mac OS X 10_14_6) AppleWebKit/537.36 (KHTML, like Gecko) Chrome/79.0.3945.130 Safari/537.36"
::1 - - [06/Feb/2020:07:51:24 +0000] "GET /api/rank?t=1580975484458&type=score&page=1&pageSize=10&userId=1 HTTP/1.1" 200 216 "http://localhost:6688/home" "Mozilla/5.0 (Macintosh; Intel Mac OS X 10_14_6) AppleWebKit/537.36 (KHTML, like Gecko) Chrome/79.0.3945.130 Safari/537.36"
::1 - - [06/Feb/2020:07:52:03 +0000] "GET /api/rank?t=1580975523129&type=score&page=1&pageSize=10&userId=1 HTTP/1.1" 200 216 "http://localhost:6688/home" "Mozilla/5.0 (Macintosh; Intel Mac OS X 10_14_6) AppleWebKit/537.36 (KHTML, like Gecko) Chrome/79.0.3945.130 Safari/537.36"
::1 - - [06/Feb/2020:07:52:15 +0000] "GET /api/rank?t=1580975535394&type=score&page=1&pageSize=10&userId=1 HTTP/1.1" 200 216 "http://localhost:6688/home" "Mozilla/5.0 (Macintosh; Intel Mac OS X 10_14_6) AppleWebKit/537.36 (KHTML, like Gecko) Chrome/79.0.3945.130 Safari/537.36"
::1 - - [06/Feb/2020:07:52:22 +0000] "GET /api/rank?t=1580975542940&type=score&page=1&pageSize=10&userId=1 HTTP/1.1" 200 216 "http://localhost:6688/home" "Mozilla/5.0 (Macintosh; Intel Mac OS X 10_14_6) AppleWebKit/537.36 (KHTML, like Gecko) Chrome/79.0.3945.130 Safari/537.36"
::1 - - [06/Feb/2020:07:52:32 +0000] "GET /api/rank?t=1580975552177&type=score&page=1&pageSize=10&userId=1 HTTP/1.1" 200 216 "http://localhost:6688/home" "Mozilla/5.0 (Macintosh; Intel Mac OS X 10_14_6) AppleWebKit/537.36 (KHTML, like Gecko) Chrome/79.0.3945.130 Safari/537.36"
::1 - - [06/Feb/2020:07:52:34 +0000] "GET /api/rank?t=1580975554678&type=score&page=1&pageSize=10&userId=1 HTTP/1.1" 200 216 "http://localhost:6688/home" "Mozilla/5.0 (Macintosh; Intel Mac OS X 10_14_6) AppleWebKit/537.36 (KHTML, like Gecko) Chrome/79.0.3945.130 Safari/537.36"
::1 - - [06/Feb/2020:07:52:39 +0000] "GET /api/rank?t=1580975559304&type=score&page=1&pageSize=10&userId=1 HTTP/1.1" 200 216 "http://localhost:6688/home" "Mozilla/5.0 (Macintosh; Intel Mac OS X 10_14_6) AppleWebKit/537.36 (KHTML, like Gecko) Chrome/79.0.3945.130 Safari/537.36"
::1 - - [06/Feb/2020:07:52:41 +0000] "GET /api/rank?t=1580975561901&type=score&page=1&pageSize=10&userId=1 HTTP/1.1" 200 216 "http://localhost:6688/home" "Mozilla/5.0 (Macintosh; Intel Mac OS X 10_14_6) AppleWebKit/537.36 (KHTML, like Gecko) Chrome/79.0.3945.130 Safari/537.36"
::1 - - [06/Feb/2020:08:00:38 +0000] "GET /api/rank?t=1580976038013&type=score&page=1&pageSize=10&userId=1 HTTP/1.1" 200 216 "http://localhost:6688/home" "Mozilla/5.0 (Macintosh; Intel Mac OS X 10_14_6) AppleWebKit/537.36 (KHTML, like Gecko) Chrome/79.0.3945.130 Safari/537.36"
::1 - - [06/Feb/2020:08:08:13 +0000] "GET /api/rank?t=1580976493835&type=score&page=1&pageSize=10&userId=1 HTTP/1.1" 200 216 "http://localhost:6688/home" "Mozilla/5.0 (Macintosh; Intel Mac OS X 10_14_6) AppleWebKit/537.36 (KHTML, like Gecko) Chrome/79.0.3945.130 Safari/537.36"
